[    0.000000] Linux version 4.15.0-66-generic (buildd@lgw01-amd64-044) (gcc version 7.4.0 (Ubuntu 7.4.0-1ubuntu1~18.04.1)) #75-Ubuntu SMP Tue Oct 1 05:24:09 UTC 2019 (Ubuntu 4.15.0-66.75-generic 4.15.18)
[    0.000000] Command line: BOOT_IMAGE=/boot/vmlinuz-4.15.0-66-generic root=LABEL=cloudimg-rootfs ro console=tty1 console=ttyS0
[    0.000000] KERNEL supported cpus:
[    0.000000]   Intel GenuineIntel
[    0.000000]   AMD AuthenticAMD
[    0.000000]   Centaur CentaurHauls
[    0.000000] x86/fpu: Supporting XSAVE feature 0x001: 'x87 floating point registers'
[    0.000000] x86/fpu: Supporting XSAVE feature 0x002: 'SSE registers'
[    0.000000] x86/fpu: Supporting XSAVE feature 0x004: 'AVX registers'
[    0.000000] x86/fpu: xstate_offset[2]:  576, xstate_sizes[2]:  256
[    0.000000] x86/fpu: Enabled xstate features 0x7, context size is 832 bytes, using 'standard' format.
[    0.000000] e820: BIOS-provided physical RAM map:
[    0.000000] BIOS-e820: [mem 0x0000000000000000-0x000000000009fbff] usable
[    0.000000] BIOS-e820: [mem 0x000000000009fc00-0x000000000009ffff] reserved
[    0.000000] BIOS-e820: [mem 0x00000000000f0000-0x00000000000fffff] reserved
[    0.000000] BIOS-e820: [mem 0x0000000000100000-0x000000003ffeffff] usable
[    0.000000] BIOS-e820: [mem 0x000000003fff0000-0x000000003fffffff] ACPI data
[    0.000000] BIOS-e820: [mem 0x00000000fec00000-0x00000000fec00fff] reserved
[    0.000000] BIOS-e820: [mem 0x00000000fee00000-0x00000000fee00fff] reserved
[    0.000000] BIOS-e820: [mem 0x00000000fffc0000-0x00000000ffffffff] reserved
[    0.000000] NX (Execute Disable) protection: active
[    0.000000] SMBIOS 2.5 present.
[    0.000000] DMI: innotek GmbH VirtualBox/VirtualBox, BIOS VirtualBox 12/01/2006
[    0.000000] Hypervisor detected: KVM
[    0.000000] e820: last_pfn = 0x3fff0 max_arch_pfn = 0x400000000
[    0.000000] MTRR: Disabled
[    0.000000] x86/PAT: MTRRs disabled, skipping PAT initialization too.
[    0.000000] CPU MTRRs all blank - virtualized system.
[    0.000000] x86/PAT: Configuration [0-7]: WB  WT  UC- UC  WB  WT  UC- UC  
[    0.000000] found SMP MP-table at [mem 0x0009fff0-0x0009ffff]
[    0.000000] Scanning 1 areas for low memory corruption
[    0.000000] RAMDISK: [mem 0x35a8b000-0x36d3cfff]
[    0.000000] ACPI: Early table checksum verification disabled
[    0.000000] ACPI: RSDP 0x00000000000E0000 000024 (v02 VBOX  )
[    0.000000] ACPI: XSDT 0x000000003FFF0030 00003C (v01 VBOX   VBOXXSDT 00000001 ASL  00000061)
[    0.000000] ACPI: FACP 0x000000003FFF00F0 0000F4 (v04 VBOX   VBOXFACP 00000001 ASL  00000061)
[    0.000000] ACPI: DSDT 0x000000003FFF0470 0022EA (v02 VBOX   VBOXBIOS 00000002 INTL 20180105)
[    0.000000] ACPI: FACS 0x000000003FFF0200 000040
[    0.000000] ACPI: FACS 0x000000003FFF0200 000040
[    0.000000] ACPI: APIC 0x000000003FFF0240 00005C (v02 VBOX   VBOXAPIC 00000001 ASL  00000061)
[    0.000000] ACPI: SSDT 0x000000003FFF02A0 0001CC (v01 VBOX   VBOXCPUT 00000002 INTL 20180105)
[    0.000000] No NUMA configuration found
[    0.000000] Faking a node at [mem 0x0000000000000000-0x000000003ffeffff]
[    0.000000] NODE_DATA(0) allocated [mem 0x3ffc5000-0x3ffeffff]
[    0.000000] kvm-clock: cpu 0, msr 0:3ff44001, primary cpu clock
[    0.000000] kvm-clock: Using msrs 4b564d01 and 4b564d00
[    0.000000] kvm-clock: using sched offset of 3398529011 cycles
[    0.000000] clocksource: kvm-clock: mask: 0xffffffffffffffff max_cycles: 0x1cd42e4dffb, max_idle_ns: 881590591483 ns
[    0.000000] Zone ranges:
[    0.000000]   DMA      [mem 0x0000000000001000-0x0000000000ffffff]
[    0.000000]   DMA32    [mem 0x0000000001000000-0x000000003ffeffff]
[    0.000000]   Normal   empty
[    0.000000]   Device   empty
[    0.000000] Movable zone start for each node
[    0.000000] Early memory node ranges
[    0.000000]   node   0: [mem 0x0000000000001000-0x000000000009efff]
[    0.000000]   node   0: [mem 0x0000000000100000-0x000000003ffeffff]
[    0.000000] Reserved but unavailable: 98 pages
[    0.000000] Initmem setup node 0 [mem 0x0000000000001000-0x000000003ffeffff]
[    0.000000] ACPI: PM-Timer IO Port: 0x4008
[    0.000000] IOAPIC[0]: apic_id 2, version 32, address 0xfec00000, GSI 0-23
[    0.000000] ACPI: INT_SRC_OVR (bus 0 bus_irq 0 global_irq 2 dfl dfl)
[    0.000000] ACPI: INT_SRC_OVR (bus 0 bus_irq 9 global_irq 9 low level)
[    0.000000] Using ACPI (MADT) for SMP configuration information
[    0.000000] smpboot: Allowing 2 CPUs, 0 hotplug CPUs
[    0.000000] PM: Registered nosave memory: [mem 0x00000000-0x00000fff]
[    0.000000] PM: Registered nosave memory: [mem 0x0009f000-0x0009ffff]
[    0.000000] PM: Registered nosave memory: [mem 0x000a0000-0x000effff]
[    0.000000] PM: Registered nosave memory: [mem 0x000f0000-0x000fffff]
[    0.000000] e820: [mem 0x40000000-0xfebfffff] available for PCI devices
[    0.000000] Booting paravirtualized kernel on KVM
[    0.000000] clocksource: refined-jiffies: mask: 0xffffffff max_cycles: 0xffffffff, max_idle_ns: 7645519600211568 ns
[    0.000000] random: get_random_bytes called from start_kernel+0x99/0x4fd with crng_init=0
[    0.000000] setup_percpu: NR_CPUS:8192 nr_cpumask_bits:2 nr_cpu_ids:2 nr_node_ids:1
[    0.000000] percpu: Embedded 46 pages/cpu s151552 r8192 d28672 u1048576
[    0.000000] PV qspinlock hash table entries: 256 (order: 0, 4096 bytes)
[    0.000000] Built 1 zonelists, mobility grouping on.  Total pages: 257913
[    0.000000] Policy zone: DMA32
[    0.000000] Kernel command line: BOOT_IMAGE=/boot/vmlinuz-4.15.0-66-generic root=LABEL=cloudimg-rootfs ro console=tty1 console=ttyS0
[    0.000000] Memory: 983436K/1048120K available (12300K kernel code, 2481K rwdata, 4260K rodata, 2436K init, 2388K bss, 64684K reserved, 0K cma-reserved)
[    0.000000] SLUB: HWalign=64, Order=0-3, MinObjects=0, CPUs=2, Nodes=1
[    0.000000] Kernel/User page tables isolation: enabled
[    0.000000] ftrace: allocating 39306 entries in 154 pages
[    0.004000] Hierarchical RCU implementation.
[    0.004000] 	RCU restricting CPUs from NR_CPUS=8192 to nr_cpu_ids=2.
[    0.004000] 	Tasks RCU enabled.
[    0.004000] RCU: Adjusting geometry for rcu_fanout_leaf=16, nr_cpu_ids=2
[    0.004000] NR_IRQS: 524544, nr_irqs: 440, preallocated irqs: 16
[    0.004000] Console: colour VGA+ 80x25
[    0.004000] console [tty1] enabled
[    0.004000] console [ttyS0] enabled
[    0.004000] ACPI: Core revision 20170831
[    0.004000] ACPI: 2 ACPI AML tables successfully acquired and loaded
[    0.004000] APIC: Switch to symmetric I/O mode setup
[    0.004000] x2apic enabled
[    0.004000] Switched APIC routing to physical x2apic.
[    0.004000] ..TIMER: vector=0x30 apic1=0 pin1=2 apic2=-1 pin2=-1
[    0.004000] tsc: Detected 1991.999 MHz processor
[    0.004009] Calibrating delay loop (skipped) preset value.. 3983.99 BogoMIPS (lpj=7967996)
[    0.004992] pid_max: default: 32768 minimum: 301
[    0.005551] Security Framework initialized
[    0.006035] Yama: becoming mindful.
[    0.006476] AppArmor: AppArmor initialized
[    0.007404] Dentry cache hash table entries: 131072 (order: 8, 1048576 bytes)
[    0.008044] Inode-cache hash table entries: 65536 (order: 7, 524288 bytes)
[    0.008816] Mount-cache hash table entries: 2048 (order: 2, 16384 bytes)
[    0.009557] Mountpoint-cache hash table entries: 2048 (order: 2, 16384 bytes)
[    0.010539] Last level iTLB entries: 4KB 64, 2MB 8, 4MB 8
[    0.011221] Last level dTLB entries: 4KB 64, 2MB 0, 4MB 0, 1GB 4
[    0.012003] Spectre V1 : Mitigation: usercopy/swapgs barriers and __user pointer sanitization
[    0.013018] Spectre V2 : Mitigation: Full generic retpoline
[    0.013645] Spectre V2 : Spectre v2 / SpectreRSB mitigation: Filling RSB on context switch
[    0.014579] Speculative Store Bypass: Vulnerable
[    0.016020] MDS: Mitigation: Clear CPU buffers
[    0.016675] Freeing SMP alternatives memory: 36K
[    0.126797] smpboot: CPU0: Intel(R) Core(TM) i7-8550U CPU @ 1.80GHz (family: 0x6, model: 0x8e, stepping: 0xa)
[    0.128000] Performance Events: unsupported p6 CPU model 142 no PMU driver, software events only.
[    0.128000] Hierarchical SRCU implementation.
[    0.128000] NMI watchdog: Perf event create on CPU 0 failed with -2
[    0.128000] NMI watchdog: Perf NMI watchdog permanently disabled
[    0.128034] smp: Bringing up secondary CPUs ...
[    0.128630] x86: Booting SMP configuration:
[    0.129137] .... node  #0, CPUs:      #1
[    0.004000] kvm-clock: cpu 1, msr 0:3ff44041, secondary cpu clock
[    0.132016] smp: Brought up 1 node, 2 CPUs
[    0.132500] smpboot: Max logical packages: 1
[    0.133088] smpboot: Total of 2 processors activated (7967.99 BogoMIPS)
[    0.133915] devtmpfs: initialized
[    0.133915] x86/mm: Memory block size: 128MB
[    0.133915] evm: security.selinux
[    0.136004] evm: security.SMACK64
[    0.136415] evm: security.SMACK64EXEC
[    0.136875] evm: security.SMACK64TRANSMUTE
[    0.138084] evm: security.SMACK64MMAP
[    0.139335] evm: security.apparmor
[    0.140000] evm: security.ima
[    0.140002] evm: security.capability
[    0.140470] clocksource: jiffies: mask: 0xffffffff max_cycles: 0xffffffff, max_idle_ns: 7645041785100000 ns
[    0.141106] futex hash table entries: 512 (order: 3, 32768 bytes)
[    0.144365] pinctrl core: initialized pinctrl subsystem
[    0.145059] RTC time: 16:37:47, date: 12/26/19
[    0.145738] NET: Registered protocol family 16
[    0.146322] audit: initializing netlink subsys (disabled)
[    0.146966] audit: type=2000 audit(1577378272.084:1): state=initialized audit_enabled=0 res=1
[    0.148008] cpuidle: using governor ladder
[    0.148509] cpuidle: using governor menu
[    0.149015] ACPI: bus type PCI registered
[    0.149577] acpiphp: ACPI Hot Plug PCI Controller Driver version: 0.5
[    0.150491] PCI: Using configuration type 1 for base access
[    0.152027] HugeTLB registered 2.00 MiB page size, pre-allocated 0 pages
[    0.152926] ACPI: Added _OSI(Module Device)
[    0.152926] ACPI: Added _OSI(Processor Device)
[    0.153275] ACPI: Added _OSI(3.0 _SCP Extensions)
[    0.153916] ACPI: Added _OSI(Processor Aggregator Device)
[    0.154643] ACPI: Added _OSI(Linux-Dell-Video)
[    0.156003] ACPI: Added _OSI(Linux-Lenovo-NV-HDMI-Audio)
[    0.156727] ACPI: Added _OSI(Linux-HPI-Hybrid-Graphics)
[    0.157651] ACPI: Executed 1 blocks of module-level executable AML code
[    0.161350] ACPI: Interpreter enabled
[    0.161850] ACPI: (supports S0 S5)
[    0.162303] ACPI: Using IOAPIC for interrupt routing
[    0.163175] PCI: Using host bridge windows from ACPI; if necessary, use "pci=nocrs" and report a bug
[    0.164117] ACPI: Enabled 2 GPEs in block 00 to 07
[    0.168845] ACPI: PCI Root Bridge [PCI0] (domain 0000 [bus 00-ff])
[    0.169611] acpi PNP0A03:00: _OSC: OS supports [ASPM ClockPM Segments MSI]
[    0.170738] acpi PNP0A03:00: _OSC: not requesting OS control; OS requires [ExtendedConfig ASPM ClockPM MSI]
[    0.171842] acpi PNP0A03:00: fail to add MMCONFIG information, can't access extended PCI configuration space under this bridge.
[    0.172230] PCI host bridge to bus 0000:00
[    0.172726] pci_bus 0000:00: root bus resource [io  0x0000-0x0cf7 window]
[    0.173488] pci_bus 0000:00: root bus resource [io  0x0d00-0xffff window]
[    0.174248] pci_bus 0000:00: root bus resource [mem 0x000a0000-0x000bffff window]
[    0.176002] pci_bus 0000:00: root bus resource [mem 0x40000000-0xfdffffff window]
[    0.176887] pci_bus 0000:00: root bus resource [bus 00-ff]
[    0.178784] pci 0000:00:01.1: legacy IDE quirk: reg 0x10: [io  0x01f0-0x01f7]
[    0.179584] pci 0000:00:01.1: legacy IDE quirk: reg 0x14: [io  0x03f6]
[    0.180002] pci 0000:00:01.1: legacy IDE quirk: reg 0x18: [io  0x0170-0x0177]
[    0.180818] pci 0000:00:01.1: legacy IDE quirk: reg 0x1c: [io  0x0376]
[    0.191907] pci 0000:00:07.0: quirk: [io  0x4000-0x403f] claimed by PIIX4 ACPI
[    0.192014] pci 0000:00:07.0: quirk: [io  0x4100-0x410f] claimed by PIIX4 SMB
[    0.199439] ACPI: PCI Interrupt Link [LNKA] (IRQs 5 9 10 *11)
[    0.200238] ACPI: PCI Interrupt Link [LNKB] (IRQs 5 9 *10 11)
[    0.200998] ACPI: PCI Interrupt Link [LNKC] (IRQs 5 *9 10 11)
[    0.201731] ACPI: PCI Interrupt Link [LNKD] (IRQs 5 9 10 *11)
[    0.202693] SCSI subsystem initialized
[    0.203201] pci 0000:00:02.0: vgaarb: setting as boot VGA device
[    0.203201] pci 0000:00:02.0: vgaarb: VGA device added: decodes=io+mem,owns=io+mem,locks=none
[    0.204009] pci 0000:00:02.0: vgaarb: bridge control possible
[    0.204670] vgaarb: loaded
[    0.205035] ACPI: bus type USB registered
[    0.205532] usbcore: registered new interface driver usbfs
[    0.206166] usbcore: registered new interface driver hub
[    0.206804] usbcore: registered new device driver usb
[    0.208048] EDAC MC: Ver: 3.0.0
[    0.208581] PCI: Using ACPI for IRQ routing
[    0.208730] NetLabel: Initializing
[    0.209154] NetLabel:  domain hash size = 128
[    0.209669] NetLabel:  protocols = UNLABELED CIPSOv4 CALIPSO
[    0.210339] NetLabel:  unlabeled traffic allowed by default
[    0.212063] clocksource: Switched to clocksource kvm-clock
[    0.220522] VFS: Disk quotas dquot_6.6.0
[    0.221171] VFS: Dquot-cache hash table entries: 512 (order 0, 4096 bytes)
[    0.222003] AppArmor: AppArmor Filesystem Enabled
[    0.222575] pnp: PnP ACPI init
[    0.223666] pnp: PnP ACPI: found 3 devices
[    0.232371] clocksource: acpi_pm: mask: 0xffffff max_cycles: 0xffffff, max_idle_ns: 2085701024 ns
[    0.233434] NET: Registered protocol family 2
[    0.234090] TCP established hash table entries: 8192 (order: 4, 65536 bytes)
[    0.234900] TCP bind hash table entries: 8192 (order: 5, 131072 bytes)
[    0.236006] TCP: Hash tables configured (established 8192 bind 8192)
[    0.236772] UDP hash table entries: 512 (order: 2, 16384 bytes)
[    0.237442] UDP-Lite hash table entries: 512 (order: 2, 16384 bytes)
[    0.238170] NET: Registered protocol family 1
[    0.238697] pci 0000:00:00.0: Limiting direct PCI/PCI transfers
[    0.239399] pci 0000:00:01.0: Activating ISA DMA hang workarounds
[    0.240125] pci 0000:00:02.0: Video device with shadowed ROM at [mem 0x000c0000-0x000dffff]
[    0.241136] Unpacking initramfs...
[    0.452819] Freeing initrd memory: 19144K
[    0.453484] clocksource: tsc: mask: 0xffffffffffffffff max_cycles: 0x396d4ffc055, max_idle_ns: 881590662783 ns
[    0.454636] platform rtc_cmos: registered platform RTC device (no PNP device found)
[    0.455570] Scanning for low memory corruption every 60 seconds
[    0.456766] Initialise system trusted keyrings
[    0.457302] Key type blacklist registered
[    0.457838] workingset: timestamp_bits=36 max_order=18 bucket_order=0
[    0.459319] zbud: loaded
[    0.460118] squashfs: version 4.0 (2009/01/31) Phillip Lougher
[    0.460940] fuse init (API version 7.26)
[    0.463353] Key type asymmetric registered
[    0.464057] Asymmetric key parser 'x509' registered
[    0.464813] Block layer SCSI generic (bsg) driver version 0.4 loaded (major 246)
[    0.465767] io scheduler noop registered
[    0.466247] io scheduler deadline registered
[    0.466789] io scheduler cfq registered (default)
[    0.467612] ACPI: AC Adapter [AC] (on-line)
[    0.468167] input: Power Button as /devices/LNXSYSTM:00/LNXPWRBN:00/input/input0
[    0.469078] ACPI: Power Button [PWRF]
[    0.469575] input: Sleep Button as /devices/LNXSYSTM:00/LNXSLPBN:00/input/input1
[    0.470449] ACPI: Sleep Button [SLPF]
[    0.471632] ACPI: Battery Slot [BAT0] (battery present)
[    0.472236] Serial: 8250/16550 driver, 32 ports, IRQ sharing enabled
[    0.493518] 00:02: ttyS0 at I/O 0x3f8 (irq = 4, base_baud = 115200) is a 16550A
[    0.496280] Linux agpgart interface v0.103
[    0.497773] loop: module loaded
[    0.498630] scsi host0: ata_piix
[    0.499225] scsi host1: ata_piix
[    0.499723] ata1: PATA max UDMA/33 cmd 0x1f0 ctl 0x3f6 bmdma 0xd000 irq 14
[    0.500692] ata2: PATA max UDMA/33 cmd 0x170 ctl 0x376 bmdma 0xd008 irq 15
[    0.501690] libphy: Fixed MDIO Bus: probed
[    0.502288] tun: Universal TUN/TAP device driver, 1.6
[    0.503016] PPP generic driver version 2.4.2
[    0.503649] ehci_hcd: USB 2.0 'Enhanced' Host Controller (EHCI) Driver
[    0.504551] ehci-pci: EHCI PCI platform driver
[    0.505179] ehci-platform: EHCI generic platform driver
[    0.505899] ohci_hcd: USB 1.1 'Open' Host Controller (OHCI) Driver
[    0.506826] ohci-pci: OHCI PCI platform driver
[    0.507462] ohci-platform: OHCI generic platform driver
[    0.508188] uhci_hcd: USB Universal Host Controller Interface driver
[    0.509152] i8042: PNP: PS/2 Controller [PNP0303:PS2K,PNP0f03:PS2M] at 0x60,0x64 irq 1,12
[    0.510669] serio: i8042 KBD port at 0x60,0x64 irq 1
[    0.511397] serio: i8042 AUX port at 0x60,0x64 irq 12
[    0.512149] mousedev: PS/2 mouse device common for all mice
[    0.513125] input: AT Translated Set 2 keyboard as /devices/platform/i8042/serio0/input/input2
[    0.514572] rtc_cmos rtc_cmos: rtc core: registered rtc_cmos as rtc0
[    0.515345] rtc_cmos rtc_cmos: alarms up to one day, 114 bytes nvram
[    0.516076] i2c /dev entries driver
[    0.516563] device-mapper: uevent: version 1.0.3
[    0.517152] device-mapper: ioctl: 4.37.0-ioctl (2017-09-20) initialised: dm-devel@redhat.com
[    0.518154] ledtrig-cpu: registered to indicate activity on CPUs
[    0.519152] NET: Registered protocol family 10
[    0.522263] Segment Routing with IPv6
[    0.522730] NET: Registered protocol family 17
[    0.523310] Key type dns_resolver registered
[    0.523923] mce: Using 0 MCE banks
[    0.524383] RAS: Correctable Errors collector initialized.
[    0.525030] sched_clock: Marking stable (524373378, 0)->(637356171, -112982793)
[    0.526109] registered taskstats version 1
[    0.526615] Loading compiled-in X.509 certificates
[    0.528771] Loaded X.509 cert 'Build time autogenerated kernel key: 01a66adcc10ca4ce7676a3458c33483b0e2b806e'
[    0.529913] zswap: loaded using pool lzo/zbud
[    0.532853] Key type big_key registered
[    0.533329] Key type trusted registered
[    0.534931] Key type encrypted registered
[    0.535438] AppArmor: AppArmor sha1 policy hashing enabled
[    0.536077] ima: No TPM chip found, activating TPM-bypass! (rc=-19)
[    0.536818] ima: Allocated hash algorithm: sha1
[    0.537364] evm: HMAC attrs: 0x1
[    0.537936]   Magic number: 15:270:642
[    0.538469] rtc_cmos rtc_cmos: setting system clock to 2019-12-26 16:37:48 UTC (1577378268)
[    0.539512] BIOS EDD facility v0.16 2004-Jun-25, 0 devices found
[    0.540201] EDD information not available.
[    0.664613] Freeing unused kernel image memory: 2436K
[    0.676036] Write protecting the kernel read-only data: 20480k
[    0.677397] Freeing unused kernel image memory: 2008K
[    0.678404] Freeing unused kernel image memory: 1884K
[    0.684437] x86/mm: Checked W+X mappings: passed, no W+X pages found.
[    0.685250] x86/mm: Checking user space page tables
[    0.690822] x86/mm: Checked W+X mappings: passed, no W+X pages found.
Loading, please wait...
starting version 237
[    0.751158] e1000: Intel(R) PRO/1000 Network Driver - version 7.3.21-k8-NAPI
[    0.751992] e1000: Copyright (c) 1999-2006 Intel Corporation.
[    0.754121] Fusion MPT base driver 3.04.20
[    0.754734] Copyright (c) 1999-2008 LSI Corporation
[    0.765674] Fusion MPT SPI Host driver 3.04.20
[    0.766625] AVX2 version of gcm_enc/dec engaged.
[    0.767200] AES CTR mode by8 optimization enabled
[    0.961951] input: ImExPS/2 Generic Explorer Mouse as /devices/platform/i8042/serio1/input/input4
[    1.117981] e1000 0000:00:03.0 eth0: (PCI:33MHz:32-bit) 02:c7:16:cf:84:50
[    1.118807] e1000 0000:00:03.0 eth0: Intel(R) PRO/1000 Network Connection
[    1.477803] e1000 0000:00:08.0 eth1: (PCI:33MHz:32-bit) 08:00:27:ed:ef:63
[    1.480413] e1000 0000:00:08.0 eth1: Intel(R) PRO/1000 Network Connection
[    1.484474] mptbase: ioc0: Initiating bringup
[    1.485396] e1000 0000:00:03.0 enp0s3: renamed from eth0
[    1.496553] e1000 0000:00:08.0 enp0s8: renamed from eth1
[    1.782934] ioc0: LSI53C1030 A0: Capabilities={Initiator}
[    2.157185] scsi host2: ioc0: LSI53C1030 A0, FwRev=00000000h, Ports=1, MaxQ=256, IRQ=20
[    2.426157] scsi 2:0:0:0: Direct-Access     VBOX     HARDDISK         1.0  PQ: 0 ANSI: 5
[    2.464228] scsi target2:0:0: Beginning Domain Validation
[    2.472050] scsi target2:0:0: Domain Validation skipping write tests
[    2.475669] scsi target2:0:0: Ending Domain Validation
[    2.478727] scsi target2:0:0: asynchronous
[    2.481767] scsi 2:0:1:0: Direct-Access     VBOX     HARDDISK         1.0  PQ: 0 ANSI: 5
[    2.516408] scsi target2:0:1: Beginning Domain Validation
[    2.518952] random: fast init done
[    2.518955] scsi target2:0:1: Domain Validation skipping write tests
[    2.520794] scsi target2:0:1: Ending Domain Validation
[    2.521757] scsi target2:0:1: asynchronous
[    2.526411] random: systemd-udevd: uninitialized urandom read (16 bytes read)
[    2.527781] sd 2:0:0:0: Attached scsi generic sg0 type 0
[    2.527961] sd 2:0:0:0: [sda] 20971520 512-byte logical blocks: (10.7 GB/10.0 GiB)
[    2.530315] sd 2:0:0:0: [sda] Write Protect is off
[    2.531264] sd 2:0:1:0: Attached scsi generic sg1 type 0
[    2.531323] random: systemd-udevd: uninitialized urandom read (16 bytes read)
[    2.533630] random: systemd-udevd: uninitialized urandom read (16 bytes read)
[    2.534878] sd 2:0:0:0: [sda] Incomplete mode parameter data
[    2.535886] sd 2:0:0:0: [sda] Assuming drive cache: write through
[    2.536990] sd 2:0:1:0: [sdb] 20480 512-byte logical blocks: (10.5 MB/10.0 MiB)
[    2.538359] sd 2:0:1:0: [sdb] Write Protect is off
[    2.540095] sd 2:0:1:0: [sdb] Incomplete mode parameter data
[    2.541358] sd 2:0:1:0: [sdb] Assuming drive cache: write through
[    2.543293]  sda: sda1
[    2.544568] sd 2:0:0:0: [sda] Attached SCSI disk
[    2.555974] sd 2:0:1:0: [sdb] Attached SCSI disk
Begin: Loading essential drivers ... [    4.016203] raid6: sse2x1   gen() 11885 MB/s
[    4.064316] raid6: sse2x1   xor()  9771 MB/s
[    4.114284] raid6: sse2x2   gen() 17074 MB/s
[    4.163211] raid6: sse2x2   xor() 11783 MB/s
[    4.214264] raid6: sse2x4   gen() 21708 MB/s
[    4.260359] raid6: sse2x4   xor() 10898 MB/s
[    4.308543] raid6: avx2x1   gen() 26591 MB/s
[    4.359158] raid6: avx2x1   xor() 17129 MB/s
[    4.404213] raid6: avx2x2   gen() 30678 MB/s
[    4.454271] raid6: avx2x2   xor() 21363 MB/s
[    4.504324] raid6: avx2x4   gen() 39271 MB/s
[    4.554262] raid6: avx2x4   xor() 20345 MB/s
[    4.554969] raid6: using algorithm avx2x4 gen() 39271 MB/s
[    4.555716] raid6: .... xor() 20345 MB/s, rmw enabled
[    4.556432] raid6: using avx2x2 recovery algorithm
[    4.558085] xor: automatically using best checksumming function   avx       
[    4.559777] async_tx: api initialized (async)
done.
Begin: Running /scripts/init-premount ... done.
Begin: Mounting root file system ... Begin: Running /scripts/local-top ... done.
Begin: Running /scripts/local-premount ... [    4.599675] Btrfs loaded, crc32c=crc32c-intel
Scanning for Btrfs filesystems
done.
Warning: fsck not present, so skipping root file system
[    4.650542] EXT4-fs (sda1): mounted filesystem with ordered data mode. Opts: (null)
done.
Begin: Running /scripts/local-bottom ... done.
Begin: Running /scripts/init-bottom ... done.
[    5.160201] ip_tables: (C) 2000-2006 Netfilter Core Team
[    5.206474] systemd[1]: systemd 237 running in system mode. (+PAM +AUDIT +SELINUX +IMA +APPARMOR +SMACK +SYSVINIT +UTMP +LIBCRYPTSETUP +GCRYPT +GNUTLS +ACL +XZ +LZ4 +SECCOMP +BLKID +ELFUTILS +KMOD -IDN2 +IDN -PCRE2 default-hierarchy=hybrid)
[    5.217248] systemd[1]: Detected virtualization oracle.
[    5.219950] systemd[1]: Detected architecture x86-64.

Welcome to [1mUbuntu 18.04.3 LTS[0m!

[    5.239205] systemd[1]: Set hostname to <ubuntu>.
[    5.247621] systemd[1]: Initializing machine ID from random generator.
[    5.249102] systemd[1]: Installed transient /etc/machine-id file.
[    5.907559] systemd[1]: Set up automount Arbitrary Executable File Formats File System Automount Point.
[[0;32m  OK  [0m] Set up automount Arbitrary Executab…rmats File System Automount Point.
[    5.910791] systemd[1]: Reached target Swap.
[[0;32m  OK  [0m] Reached target Swap.
[    5.913318] systemd[1]: Created slice System Slice.
[[0;32m  OK  [0m] Created slice System Slice.
[    5.914594] systemd[1]: Listening on udev Control Socket.
[[0;32m  OK  [0m] Listening on udev Control Socket.
[[0;32m  OK  [0m] Created slice system-serial\x2dgetty.slice.
[[0;32m  OK  [0m] Listening on Journal Socket.
         Starting Load Kernel Modules...
[[0;32m  OK  [0m] Listening on Device-mapper event daemon FIFOs.
[[0;32m  OK  [0m] Listening on /dev/initctl Compatibility Named Pipe.
[[0;32m  OK  [0m] Listening on LVM2 poll daemon socket.
[[0;32m  OK  [0m] Listening on Network Service Netlink Socket.
         Mounting Huge Pages File System...
[[0;32m  OK  [0m] Listening on Journal Audit Socket.
         Mounting Kernel Debug File System...
[[0;32m  OK  [0m] Listening on Syslog Socket.
         Starting Uncomplicated firewall...
[[0;32m  OK  [0m] Listening on Journal Socket (/dev/log).
         Starting Journal Service...
         Starting Create list of required st…ce nodes for the current kernel...
         Mounting POSIX Message Queue File System...
[[0;32m  OK  [0m] Listening on udev Kernel Socket.
[[0;32m  OK  [0m] Created slice User and Session Slice.
[[0;32m  OK  [0m] Reached target Slices.
         Starting Set the console keyboard layout...
[[0;32m  OK  [0m] Started Forward Password Requests to Wall Directory Watch.
         Starting udev Coldplug all Devices...
[[0;32m  OK  [0m] Reached target User and Group Name Lookups.
         Starting Remount Root and Kernel File Systems...
[[0;32m  OK  [0m] Listening on LVM2 metadata daemon socket.
         Starting Monitoring of LVM2 mirrors…ng dmeventd or progress polling...
[[0;32m  OK  [0m] Reached target System Time Synchronized.
[    5.965594] Loading iSCSI transport class v2.0-870.
[    5.974302] iscsi: registered transport (tcp)
[    5.997160] iscsi: registered transport (iser)
[[0;32m  OK  [0m] Started Load Kernel Modules.
         Starting Apply Kernel Variables...
         Mounting FUSE Control File System...
         Mounting Kernel Configuration File System...
[[0;32m  OK  [0m] Mounted Kernel Debug File System.
[[0;32m  OK  [0m] Mounted FUSE Control File System.
[[0;32m  OK  [0m] Mounted Huge Pages File System.
[[0;32m  OK  [0m] Mounted POSIX Message Queue File System.
[[0;32m  OK  [0m] Mounted Kernel Configuration File System.
[[0;32m  OK  [0m] Started Uncomplicated firewall.
[[0;32m  OK  [0m] Started Create list of required sta…vice nodes for the current kernel.
         Starting Create Static Device Nodes in /dev...
[[0;32m  OK  [0m] Started udev Coldplug all Devices.
[[0;32m  OK  [0m] Started Journal Service.
[[0;32m  OK  [0m] Started Create Static Device Nodes in /dev.
[[0;32m  OK  [0m] Started Remount Root and Kernel File Systems.
         Starting Load/Save Random Seed...
         Starting Flush Journal to Persistent Storage...
         Starting udev Kernel Device Manager...
[[0;32m  OK  [0m] Started Apply Kernel Variables.
[[0;32m  OK  [0m] Started Load/Save Random Seed.
[[0;32m  OK  [0m] Started LVM2 metadata daemon.
[[0;32m  OK  [0m] Started udev Kernel Device Manager.
[[0;32m  OK  [0m] Started Monitoring of LVM2 mirrors,…sing dmeventd or progress polling.
[[0;32m  OK  [0m] Started Flush Journal to Persistent Storage.
[[0;32m  OK  [0m] Found device /dev/ttyS0.
[[0;32m  OK  [0m] Listening on Load/Save RF Kill Switch Status /dev/rfkill Watch.
[[0;32m  OK  [0m] Started Set the console keyboard layout.
[[0;32m  OK  [0m] Reached target Local File Systems (Pre).
[[0;32m  OK  [0m] Reached target Local File Systems.
         Starting AppArmor initialization...
         Starting Set console font and keymap...
         Starting Create Volatile Files and Directories...
         Starting Commit a transient machine-id on disk...
         Starting ebtables ruleset management...
         Starting Tell Plymouth To Write Out Runtime Data...
[[0;32m  OK  [0m] Started Dispatch Password Requests to Console Directory Watch.
[[0;32m  OK  [0m] Reached target Local Encrypted Volumes.
[[0;32m  OK  [0m] Started Create Volatile Files and Directories.
         Starting Update UTMP about System Boot/Shutdown...
[[0;32m  OK  [0m] Started Tell Plymouth To Write Out Runtime Data.
[[0;32m  OK  [0m] Started Set console font and keymap.
[[0;32m  OK  [0m] Started Update UTMP about System Boot/Shutdown.
[[0;32m  OK  [0m] Started Commit a transient machine-id on disk.
[[0;32m  OK  [0m] Started ebtables ruleset management.
[[0;32m  OK  [0m] Started AppArmor initialization.
         Starting Initial cloud-init job (pre-networking)...
[   11.304569] cloud-init[672]: Cloud-init v. 19.2-36-g059d049c-0ubuntu2~18.04.1 running 'init-local' at Thu, 26 Dec 2019 16:37:58 +0000. Up 10.71 seconds.
[[0;32m  OK  [0m] Started Initial cloud-init job (pre-networking).
[[0;32m  OK  [0m] Reached target Network (Pre).
         Starting Network Service...
[[0;32m  OK  [0m] Started Network Service.
         Starting Network Name Resolution...
         Starting Wait for Network to be Configured...
[[0;32m  OK  [0m] Started Network Name Resolution.
[[0;32m  OK  [0m] Reached target Network.
[[0;32m  OK  [0m] Reached target Host and Network Name Lookups.
[[0;32m  OK  [0m] Started Wait for Network to be Configured.
         Starting Initial cloud-init job (metadata service crawler)...
[   13.640287] cloud-init[790]: Cloud-init v. 19.2-36-g059d049c-0ubuntu2~18.04.1 running 'init' at Thu, 26 Dec 2019 16:38:01 +0000. Up 13.52 seconds.
[   13.641640] cloud-init[790]: ci-info: ++++++++++++++++++++++++++++++++++++++Net device info+++++++++++++++++++++++++++++++++++++++
[   13.642771] cloud-init[790]: ci-info: +--------+-------+----------------------------+---------------+--------+-------------------+
[   13.643941] cloud-init[790]: ci-info: | Device |   Up  |          Address           |      Mask     | Scope  |     Hw-Address    |
[   13.645116] cloud-init[790]: ci-info: +--------+-------+----------------------------+---------------+--------+-------------------+
[   13.646317] cloud-init[790]: ci-info: | enp0s3 |  True |         10.0.2.15          | 255.255.255.0 | global | 02:c7:16:cf:84:50 |
[   13.647466] cloud-init[790]: ci-info: | enp0s3 |  True | fe80::c7:16ff:fecf:8450/64 |       .       |  link  | 02:c7:16:cf:84:50 |
[   13.648613] cloud-init[790]: ci-info: | enp0s8 | False |             .              |       .       |   .    | 08:00:27:ed:ef:63 |
[   13.649699] cloud-init[790]: ci-info: |   lo   |  True |         127.0.0.1          |   255.0.0.0   |  host  |         .         |
[   13.650745] cloud-init[790]: ci-info: |   lo   |  True |          ::1/128           |       .       |  host  |         .         |
[   13.651955] cloud-init[790]: ci-info: +--------+-------+----------------------------+---------------+--------+-------------------+
[   13.653108] cloud-init[790]: ci-info: ++++++++++++++++++++++++++++Route IPv4 info+++++++++++++++++++++++++++++
[   13.653960] cloud-init[790]: ci-info: +-------+-------------+----------+-----------------+-----------+-------+
[   13.664260] cloud-init[790]: ci-info: | Route | Destination | Gateway  |     Genmask     | Interface | Flags |
[   13.665383] cloud-init[790]: ci-info: +-------+-------------+----------+-----------------+-----------+-------+
[   13.666316] cloud-init[790]: ci-info: |   0   |   0.0.0.0   | 10.0.2.2 |     0.0.0.0     |   enp0s3  |   UG  |
[   13.667281] cloud-init[790]: ci-info: |   1   |   10.0.2.0  | 0.0.0.0  |  255.255.255.0  |   enp0s3  |   U   |
[   13.668266] cloud-init[790]: ci-info: |   2   |   10.0.2.2  | 0.0.0.0  | 255.255.255.255 |   enp0s3  |   UH  |
[   13.669175] cloud-init[790]: ci-info: +-------+-------------+----------+-----------------+-----------+-------+
[   13.670092] cloud-init[790]: ci-info: +++++++++++++++++++Route IPv6 info+++++++++++++++++++
[   13.670892] cloud-init[790]: ci-info: +-------+-------------+---------+-----------+-------+
[   13.671694] cloud-init[790]: ci-info: | Route | Destination | Gateway | Interface | Flags |
[   13.672502] cloud-init[790]: ci-info: +-------+-------------+---------+-----------+-------+
[   13.673280] cloud-init[790]: ci-info: |   1   |  fe80::/64  |    ::   |   enp0s3  |   U   |
[   13.674022] cloud-init[790]: ci-info: |   3   |    local    |    ::   |   enp0s3  |   U   |
[   13.674816] cloud-init[790]: ci-info: |   4   |   ff00::/8  |    ::   |   enp0s3  |   U   |
[   13.675782] cloud-init[790]: ci-info: +-------+-------------+---------+-----------+-------+
[   15.125034] cloud-init[790]: Generating public/private rsa key pair.
[   15.126439] cloud-init[790]: Your identification has been saved in /etc/ssh/ssh_host_rsa_key.
[   15.127943] cloud-init[790]: Your public key has been saved in /etc/ssh/ssh_host_rsa_key.pub.
[   15.129116] cloud-init[790]: The key fingerprint is:
[   15.129791] cloud-init[790]: SHA256:wIyFvg7FRrosWVFPhrdn7hPsWzLC+u9Akm15sCwT0nM root@ubuntu-bionic
[   15.131003] cloud-init[790]: The key's randomart image is:
[   15.131789] cloud-init[790]: +---[RSA 2048]----+
[   15.132554] cloud-init[790]: |   ..o+          |
[   15.133235] cloud-init[790]: |  ..+O.          |
[   15.133932] cloud-init[790]: |  .*=.E.         |
[   15.134715] cloud-init[790]: |  o.=B.=o        |
[   15.135474] cloud-init[790]: | + +=.B=S        |
[   15.136177] cloud-init[790]: |o + .B .+        |
[   15.136869] cloud-init[790]: | . o  +oo..      |
[   15.137614] cloud-init[790]: |    .. o++       |
[   15.138337] cloud-init[790]: |    ...o+o       |
[   15.139081] cloud-init[790]: +----[SHA256]-----+
[   15.139788] cloud-init[790]: Generating public/private dsa key pair.
[   15.140813] cloud-init[790]: Your identification has been saved in /etc/ssh/ssh_host_dsa_key.
[   15.142022] cloud-init[790]: Your public key has been saved in /etc/ssh/ssh_host_dsa_key.pub.
[   15.143312] cloud-init[790]: The key fingerprint is:
[   15.144046] cloud-init[790]: SHA256:sZDxChee8WFkPGq3RFkMgVFL6juMwlwgUXoH7sC+n1E root@ubuntu-bionic
[   15.145197] cloud-init[790]: The key's randomart image is:
[   15.145983] cloud-init[790]: +---[DSA 1024]----+
[   15.146663] cloud-init[790]: |..o   =*X*.      |
[   15.147337] cloud-init[790]: |.+ . ..&=o.      |
[   15.148676] cloud-init[790]: |+.+ o Bo=.       |
[   15.149942] cloud-init[790]: |.= o +oooo       |
[   15.151004] cloud-init[790]: | .. .EooS.       |
[   15.151672] cloud-init[790]: | o...o ..        |
[   15.152278] cloud-init[790]: | .+.. +          |
[   15.152857] cloud-init[790]: |  ..o  .         |
[   15.153448] cloud-init[790]: |   o             |
[   15.154033] cloud-init[790]: +----[SHA256]-----+
[   15.154629] cloud-init[790]: Generating public/private ecdsa key pair.
[   15.155284] cloud-init[790]: Your identification has been saved in /etc/ssh/ssh_host_ecdsa_key.
[   15.156319] cloud-init[790]: Your public key has been saved in /etc/ssh/ssh_host_ecdsa_key.pub.
[   15.157210] cloud-init[790]: The key fingerprint is:
[   15.157826] cloud-init[790]: SHA256:n/kacCoNIw/btbMivEizvVkioPnxTVNEPOcq7kVypqE root@ubuntu-bionic
[   15.158766] cloud-init[790]: The key's randomart image is:
[   15.159363] cloud-init[790]: +---[ECDSA 256]---+
[   15.159958] cloud-init[790]: |       ..        |
[   15.160575] cloud-init[790]: |       .o .      |
[   15.161160] cloud-init[790]: |        .+       |
[   15.161744] cloud-init[790]: |       .  .      |
[   15.162304] cloud-init[790]: |.   o = S..      |
[   15.163105] cloud-init[790]: |.o   B.&.* o     |
[[   15.182109] cloud-init[790]: |o =.E.O.* =      |
[   15.182549] cloud-init[790]: | o Oo*o+ o o     |
[   15.183188] cloud-init[790]: |  + *=o.. ...    |
[   15.183793] cloud-init[790]: +----[SHA256]-----+
[   15.184508] cloud-init[790]: Generating public/private ed25519 key pair.
[   15.185255] cloud-init[790]: Your identification has been saved in /etc/ssh/ssh_host_ed25519_key.
[   15.186131] cloud-init[790]: Your public key has been saved in /etc/ssh/ssh_host_ed25519_key.pub.
[   15.187017] cloud-init[790]: The key fingerprint is:
[   15.187467] cloud-init[790]: SHA256:REZKLwb2OfAuvBxHxtTLTopnRZYqkARByjoTlLt2mFM root@ubuntu-bionic[0;32m  OK  [0m] Started Initial cloud-init job (metadata service crawler).
[[0;32m  OK  [0m] Reached target System Initialization.

[   15.190437] cloud-init[790]: The key's randomart image is:
[   15.192559] cloud-init[790]: +--[ED25519 256]--+
[   15.193169] cloud-init[790]: |+*o.+ oo+.       |
[   15.193754] cloud-init[790]: |+.o. O *=        |
[   15.194390] cloud-init[790]: |o...  %=o.       |
[   15.194963] cloud-init[790]: |.o E.=.+=        |
[   15.195566] cloud-init[790]: |+ = +oo=S        |
[   15.196123] cloud-init[790]: | O o.=+ .        |
[   15.196714] cloud-init[790]: |. o oo           |
[   15.197296] cloud-init[790]: |                 |
[   15.197864] cloud-init[790]: |                 |
[   15.198420] cloud-init[790]: +----[SHA256]-----+
         Starting LXD - unix socket.
[[0;32m  OK  [0m] Listening on UUID daemon activation socket.
[[0;32m  OK  [0m] Started Daily Cleanup of Temporary Directories.
[[0;32m  OK  [0m] Listening on ACPID Listen Socket.
[[0;32m  OK  [0m] Listening on Open-iSCSI iscsid Socket.
[[0;32m  OK  [0m] Started Message of the Day.
[[0;32m  OK  [0m] Listening on D-Bus System Message Bus Socket.
[[0;32m  OK  [0m] Started ACPI Events Check.
[[0;32m  OK  [0m] Reached target Paths.
         Starting Socket activation for snappy daemon.
[[0;32m  OK  [0m] Started Discard unused blocks once a week.
[[0;32m  OK  [0m] Started Daily apt download activities.
[[0;32m  OK  [0m] Started Daily apt upgrade and clean activities.
[[0;32m  OK  [0m] Reached target Timers.
[[0;32m  OK  [0m] Reached target Network is Online.
[[0;32m  OK  [0m] Reached target Remote File Systems (Pre).
[[0;32m  OK  [0m] Reached target Remote File Systems.
         Starting Availability of block devices...
[[0;32m  OK  [0m] Reached target Cloud-config availability.
[[0;32m  OK  [0m] Listening on LXD - unix socket.
[[0;32m  OK  [0m] Listening on Socket activation for snappy daemon.
[[0;32m  OK  [0m] Reached target Sockets.
[[0;32m  OK  [0m] Reached target Basic System.
         Starting Pollinate to seed the pseudo random number generator...
         Starting Virtualbox guest utils...
         Starting LSB: automatic crash report generation...
         Starting Login Service...
[[0;32m  OK  [0m] Started Regular background program processing daemon.
         Starting Dispatcher daemon for systemd-networkd...
         Starting LXD - container startup/shutdown...
[[0;32m  OK  [0m] Started D-Bus System Message Bus.
[[0;32m  OK  [0m] Started Login Service.
         Starting Permit User Sessions...
[[0;32m  OK  [0m] Started irqbalance daemon.
         Starting Snappy daemon...
[[0;32m  OK  [0m] Started Unattended Upgrades Shutdown.
         Starting System Logging Service...
         Starting LSB: Record successful boot for GRUB...
[[0;32m  OK  [0m] Started Deferred execution scheduler.
[[0;32m  OK  [0m] Started FUSE filesystem for LXC.
         Starting Accounts Service...
[[0;32m  OK  [0m] Started Availability of block devices.
[[0;32m  OK  [0m] Started Permit User Sessions.
         Starting Terminate Plymouth Boot Screen...
         Starting Hold until boot process finishes up...
[[0;32m  OK  [0m] Started Hold until boot process finishes up.
[[0;32m  OK  [0m] Started Serial Getty on ttyS0.
         Starting Set console scheme...
[[0;32m  OK  [0m] Started Terminate Plymouth Boot Screen.
[[0;32m  OK  [0m] Started Set console scheme.
[[0;32m  OK  [0m] Created slice system-getty.slice.
[[0;32m  OK  [0m] Started Getty on tty1.
[[0;32m  OK  [0m] Reached target Login Prompts.
[[0;32m  OK  [0m] Started System Logging Service.
[[0;32m  OK  [0m] Started LSB: automatic crash report generation.
[[0;32m  OK  [0m] Started LSB: Record successful boot for GRUB.
         Starting Authorization Manager...
[[0;32m  OK  [0m] Started Virtualbox guest utils.
[[0;32m  OK  [0m] Started Authorization Manager.
[[0;32m  OK  [0m] Started Accounts Service.
[[0;32m  OK  [0m] Started LXD - container startup/shutdown.
[[0;32m  OK  [0m] Started Dispatcher daemon for systemd-networkd.
[[0;32m  OK  [0m] Started Snappy daemon.
         Starting Wait until snapd is fully seeded...
[[0;32m  OK  [0m] Started Pollinate to seed the pseudo random number generator.
         Starting OpenBSD Secure Shell server...
[[0;32m  OK  [0m] Started OpenBSD Secure Shell server.
[[0;32m  OK  [0m] Created slice User Slice of vagrant.
         Starting User Manager for UID 1000...
[[0;32m  OK  [0m] Started Session 1 of user vagrant.
[[0;32m  OK  [0m] Started User Manager for UID 1000.

Ubuntu 18.04.3 LTS ubuntu-bionic ttyS0

ubuntu-bionic login: [   26.039910] cloud-init[1674]: Cloud-init v. 19.2-36-g059d049c-0ubuntu2~18.04.1 running 'modules:config' at Thu, 26 Dec 2019 16:38:13 +0000. Up 25.30 seconds.
ci-info: no authorized ssh keys fingerprints found for user ubuntu.
<14>Dec 26 16:38:14 ec2: 
<14>Dec 26 16:38:14 ec2: #############################################################
<14>Dec 26 16:38:14 ec2: -----BEGIN SSH HOST KEY FINGERPRINTS-----
<14>Dec 26 16:38:14 ec2: 1024 SHA256:sZDxChee8WFkPGq3RFkMgVFL6juMwlwgUXoH7sC+n1E root@ubuntu-bionic (DSA)
<14>Dec 26 16:38:14 ec2: 256 SHA256:n/kacCoNIw/btbMivEizvVkioPnxTVNEPOcq7kVypqE root@ubuntu-bionic (ECDSA)
<14>Dec 26 16:38:14 ec2: 256 SHA256:REZKLwb2OfAuvBxHxtTLTopnRZYqkARByjoTlLt2mFM root@ubuntu-bionic (ED25519)
<14>Dec 26 16:38:14 ec2: 2048 SHA256:wIyFvg7FRrosWVFPhrdn7hPsWzLC+u9Akm15sCwT0nM root@ubuntu-bionic (RSA)
<14>Dec 26 16:38:14 ec2: -----END SSH HOST KEY FINGERPRINTS-----
<14>Dec 26 16:38:14 ec2: #############################################################
-----BEGIN SSH HOST KEY KEYS-----
ecdsa-sha2-nistp256 AAAAE2VjZHNhLXNoYTItbmlzdHAyNTYAAAAIbmlzdHAyNTYAAABBBNXXUndvpTDbjlqBeuG411kOY9bZR7+Fb0tNfF6DN5afnzzMXudZxio/IpEeWwen3cX3YenYV4roao7cf4R6FVQ= root@ubuntu-bionic
ssh-ed25519 AAAAC3NzaC1lZDI1NTE5AAAAIPml9jAokTvtkGR0zS6bH2mov5YMmujY/VBlZxgQu828 root@ubuntu-bionic
ssh-rsa AAAAB3NzaC1yc2EAAAADAQABAAABAQDFc4ReWwBdecPIB5h+6kWXB9DCSLUKh8bJBK7CK/3Gs6opdOkktsQzo+E6tUTIqffVJFjQHSuezm2ONXo/O/tnJhaUpQmkkQi7nuxb9AOV2Wd6HNoD9Jnwz7XK1IgRk9u49vE1LJh7LM949nXyeqEoSU/2lsLXUm4Qqf1S5FxUROhsGpw/Qw3tAMRmIU4WJnj+eyMDBZYsAttg9WUcx9Z+7qz7lzfqVtP7sl0fbcPMQYKt84o6S4Z13lwl8opTjdAhhBhhLFQD53kFM2dlZ/0A1apWui3dBhzIuTbvZXmZE+Hi9ZSFrbF9++B9taH5QfSpfKi3/E8AawrIulBjHM45 root@ubuntu-bionic
-----END SSH HOST KEY KEYS-----
[   26.508552] cloud-init[1793]: Cloud-init v. 19.2-36-g059d049c-0ubuntu2~18.04.1 running 'modules:final' at Thu, 26 Dec 2019 16:38:14 +0000. Up 26.36 seconds.
[   26.508630] cloud-init[1793]: ci-info: no authorized ssh keys fingerprints found for user ubuntu.
[   26.508985] cloud-init[1793]: Cloud-init v. 19.2-36-g059d049c-0ubuntu2~18.04.1 finished at Thu, 26 Dec 2019 16:38:14 +0000. Datasource DataSourceNoCloud [seed=/dev/sdb][dsmode=net].  Up 26.49 seconds
