[    0.000000] Initializing cgroup subsys cpuset
[    0.000000] Initializing cgroup subsys cpu
[    0.000000] Initializing cgroup subsys cpuacct
[    0.000000] Linux version 4.4.0-166-generic (buildd@lcy01-amd64-020) (gcc version 5.4.0 20160609 (Ubuntu 5.4.0-6ubuntu1~16.04.10) ) #195-Ubuntu SMP Tue Oct 1 09:35:25 UTC 2019 (Ubuntu 4.4.0-166.195-generic 4.4.194)
[    0.000000] Command line: BOOT_IMAGE=/boot/vmlinuz-4.4.0-166-generic root=LABEL=cloudimg-rootfs ro console=tty1 console=ttyS0
[    0.000000] KERNEL supported cpus:
[    0.000000]   Intel GenuineIntel
[    0.000000]   AMD AuthenticAMD
[    0.000000]   Centaur CentaurHauls
[    0.000000] x86/fpu: xstate_offset[2]:  576, xstate_sizes[2]:  256
[    0.000000] x86/fpu: Supporting XSAVE feature 0x01: 'x87 floating point registers'
[    0.000000] x86/fpu: Supporting XSAVE feature 0x02: 'SSE registers'
[    0.000000] x86/fpu: Supporting XSAVE feature 0x04: 'AVX registers'
[    0.000000] x86/fpu: Enabled xstate features 0x7, context size is 832 bytes, using 'standard' format.
[    0.000000] e820: BIOS-provided physical RAM map:
[    0.000000] BIOS-e820: [mem 0x0000000000000000-0x000000000009fbff] usable
[    0.000000] BIOS-e820: [mem 0x000000000009fc00-0x000000000009ffff] reserved
[    0.000000] BIOS-e820: [mem 0x00000000000f0000-0x00000000000fffff] reserved
[    0.000000] BIOS-e820: [mem 0x0000000000100000-0x000000003ffeffff] usable
[    0.000000] BIOS-e820: [mem 0x000000003fff0000-0x000000003fffffff] ACPI data
[    0.000000] BIOS-e820: [mem 0x00000000fec00000-0x00000000fec00fff] reserved
[    0.000000] BIOS-e820: [mem 0x00000000fee00000-0x00000000fee00fff] reserved
[    0.000000] BIOS-e820: [mem 0x00000000fffc0000-0x00000000ffffffff] reserved
[    0.000000] NX (Execute Disable) protection: active
[    0.000000] SMBIOS 2.5 present.
[    0.000000] Hypervisor detected: KVM
[    0.000000] e820: last_pfn = 0x3fff0 max_arch_pfn = 0x400000000
[    0.000000] MTRR: Disabled
[    0.000000] x86/PAT: MTRRs disabled, skipping PAT initialization too.
[    0.000000] CPU MTRRs all blank - virtualized system.
[    0.000000] x86/PAT: Configuration [0-7]: WB  WT  UC- UC  WB  WT  UC- UC  
[    0.000000] found SMP MP-table at [mem 0x0009fff0-0x0009ffff] mapped at [ffff88000009fff0]
[    0.000000] Scanning 1 areas for low memory corruption
[    0.000000] RAMDISK: [mem 0x362f6000-0x37172fff]
[    0.000000] ACPI: Early table checksum verification disabled
[    0.000000] ACPI: RSDP 0x00000000000E0000 000024 (v02 VBOX  )
[    0.000000] ACPI: XSDT 0x000000003FFF0030 00003C (v01 VBOX   VBOXXSDT 00000001 ASL  00000061)
[    0.000000] ACPI: FACP 0x000000003FFF00F0 0000F4 (v04 VBOX   VBOXFACP 00000001 ASL  00000061)
[    0.000000] ACPI: DSDT 0x000000003FFF0470 0022EA (v02 VBOX   VBOXBIOS 00000002 INTL 20180105)
[    0.000000] ACPI: FACS 0x000000003FFF0200 000040
[    0.000000] ACPI: FACS 0x000000003FFF0200 000040
[    0.000000] ACPI: APIC 0x000000003FFF0240 00005C (v02 VBOX   VBOXAPIC 00000001 ASL  00000061)
[    0.000000] ACPI: SSDT 0x000000003FFF02A0 0001CC (v01 VBOX   VBOXCPUT 00000002 INTL 20180105)
[    0.000000] No NUMA configuration found
[    0.000000] Faking a node at [mem 0x0000000000000000-0x000000003ffeffff]
[    0.000000] NODE_DATA(0) allocated [mem 0x3ffeb000-0x3ffeffff]
[    0.000000] kvm-clock: Using msrs 4b564d01 and 4b564d00
[    0.000000] kvm-clock: cpu 0, msr 0:3ffe3001, primary cpu clock
[    0.000000] kvm-clock: using sched offset of 3278458330 cycles
[    0.000000] clocksource: kvm-clock: mask: 0xffffffffffffffff max_cycles: 0x1cd42e4dffb, max_idle_ns: 881590591483 ns
[    0.000000] Zone ranges:
[    0.000000]   DMA      [mem 0x0000000000001000-0x0000000000ffffff]
[    0.000000]   DMA32    [mem 0x0000000001000000-0x000000003ffeffff]
[    0.000000]   Normal   empty
[    0.000000]   Device   empty
[    0.000000] Movable zone start for each node
[    0.000000] Early memory node ranges
[    0.000000]   node   0: [mem 0x0000000000001000-0x000000000009efff]
[    0.000000]   node   0: [mem 0x0000000000100000-0x000000003ffeffff]
[    0.000000] Initmem setup node 0 [mem 0x0000000000001000-0x000000003ffeffff]
[    0.000000] ACPI: PM-Timer IO Port: 0x4008
[    0.000000] IOAPIC[0]: apic_id 2, version 32, address 0xfec00000, GSI 0-23
[    0.000000] ACPI: INT_SRC_OVR (bus 0 bus_irq 0 global_irq 2 dfl dfl)
[    0.000000] ACPI: INT_SRC_OVR (bus 0 bus_irq 9 global_irq 9 low level)
[    0.000000] Using ACPI (MADT) for SMP configuration information
[    0.000000] smpboot: Allowing 2 CPUs, 0 hotplug CPUs
[    0.000000] PM: Registered nosave memory: [mem 0x00000000-0x00000fff]
[    0.000000] PM: Registered nosave memory: [mem 0x0009f000-0x0009ffff]
[    0.000000] PM: Registered nosave memory: [mem 0x000a0000-0x000effff]
[    0.000000] PM: Registered nosave memory: [mem 0x000f0000-0x000fffff]
[    0.000000] e820: [mem 0x40000000-0xfebfffff] available for PCI devices
[    0.000000] Booting paravirtualized kernel on KVM
[    0.000000] clocksource: refined-jiffies: mask: 0xffffffff max_cycles: 0xffffffff, max_idle_ns: 7645519600211568 ns
[    0.000000] setup_percpu: NR_CPUS:512 nr_cpumask_bits:512 nr_cpu_ids:2 nr_node_ids:1
[    0.000000] PERCPU: Embedded 34 pages/cpu @ffff88003fc00000 s99544 r8192 d31528 u1048576
[    0.000000] Built 1 zonelists in Node order, mobility grouping on.  Total pages: 257912
[    0.000000] Policy zone: DMA32
[    0.000000] Kernel command line: BOOT_IMAGE=/boot/vmlinuz-4.4.0-166-generic root=LABEL=cloudimg-rootfs ro console=tty1 console=ttyS0
[    0.000000] PID hash table entries: 4096 (order: 3, 32768 bytes)
[    0.000000] Memory: 997712K/1048120K available (8623K kernel code, 1336K rwdata, 4036K rodata, 1488K init, 1288K bss, 50408K reserved, 0K cma-reserved)
[    0.000000] SLUB: HWalign=64, Order=0-3, MinObjects=0, CPUs=2, Nodes=1
[    0.000000] Kernel/User page tables isolation: enabled
[    0.000000] Hierarchical RCU implementation.
[    0.000000] 	Build-time adjustment of leaf fanout to 64.
[    0.000000] 	RCU restricting CPUs from NR_CPUS=512 to nr_cpu_ids=2.
[    0.000000] RCU: Adjusting geometry for rcu_fanout_leaf=64, nr_cpu_ids=2
[    0.000000] NR_IRQS:33024 nr_irqs:440 16
[    0.000000] Console: colour VGA+ 80x25
[    0.000000] console [tty1] enabled
[    0.000000] console [ttyS0] enabled
[    0.000000] tsc: Detected 1991.999 MHz processor
[    0.107589] Calibrating delay loop (skipped) preset value.. 3983.99 BogoMIPS (lpj=7967996)
[    0.108867] pid_max: default: 32768 minimum: 301
[    0.109527] ACPI: Core revision 20150930
[    0.110805] ACPI: 2 ACPI AML tables successfully acquired and loaded
[    0.111779] Security Framework initialized
[    0.112375] Yama: becoming mindful.
[    0.112920] AppArmor: AppArmor initialized
[    0.113570] Dentry cache hash table entries: 131072 (order: 8, 1048576 bytes)
[    0.115001] Inode-cache hash table entries: 65536 (order: 7, 524288 bytes)
[    0.115970] Mount-cache hash table entries: 2048 (order: 2, 16384 bytes)
[    0.116827] Mountpoint-cache hash table entries: 2048 (order: 2, 16384 bytes)
[    0.117833] Initializing cgroup subsys io
[    0.118426] Initializing cgroup subsys memory
[    0.119050] Initializing cgroup subsys devices
[    0.119714] Initializing cgroup subsys freezer
[    0.120345] Initializing cgroup subsys net_cls
[    0.120974] Initializing cgroup subsys perf_event
[    0.121629] Initializing cgroup subsys net_prio
[    0.122269] Initializing cgroup subsys hugetlb
[    0.122899] Initializing cgroup subsys pids
[    0.124580] mce: CPU supports 0 MCE banks
[    0.125186] Last level iTLB entries: 4KB 64, 2MB 8, 4MB 8
[    0.125910] Last level dTLB entries: 4KB 64, 2MB 0, 4MB 0, 1GB 4
[    0.126694] Spectre V1 : Mitigation: usercopy/swapgs barriers and __user pointer sanitization
[    0.127914] Spectre V2 : Mitigation: Full generic retpoline
[    0.128660] Spectre V2 : Spectre v2 / SpectreRSB mitigation: Filling RSB on context switch
[    0.129823] Speculative Store Bypass: Vulnerable
[    0.130534] MDS: Mitigation: Clear CPU buffers
[    0.133337] Freeing SMP alternatives memory: 36K
[    0.138671] ftrace: allocating 32296 entries in 127 pages
[    0.185134] smpboot: APIC(0) Converting physical 0 to logical package 0
[    0.186224] smpboot: Max logical packages: 1
[    0.187031] x2apic enabled
[    0.187744] Switched APIC routing to physical x2apic.
[    0.189405] ..TIMER: vector=0x30 apic1=0 pin1=2 apic2=-1 pin2=-1
[    0.298396] smpboot: CPU0: Intel(R) Core(TM) i7-8550U CPU @ 1.80GHz (family: 0x6, model: 0x8e, stepping: 0xa)
[    0.300148] Performance Events: unsupported p6 CPU model 142 no PMU driver, software events only.
[    0.309811] KVM setup paravirtual spinlock
[    0.311098] x86: Booting SMP configuration:
[    0.311916] .... node  #0, CPUs:      #1
[    0.312637] kvm-clock: cpu 1, msr 0:3ffe3041, secondary cpu clock
[    0.314448] mce: CPU supports 0 MCE banks
[    0.316933] x86: Booted up 1 node, 2 CPUs
[    0.317696] smpboot: Total of 2 processors activated (7967.99 BogoMIPS)
[    0.318905] devtmpfs: initialized
[    0.320993] evm: security.selinux
[    0.321548] evm: security.SMACK64
[    0.322090] evm: security.SMACK64EXEC
[    0.322681] evm: security.SMACK64TRANSMUTE
[    0.323353] evm: security.SMACK64MMAP
[    0.323935] evm: security.ima
[    0.324475] evm: security.capability
[    0.325158] clocksource: jiffies: mask: 0xffffffff max_cycles: 0xffffffff, max_idle_ns: 7645041785100000 ns
[    0.326593] futex hash table entries: 512 (order: 3, 32768 bytes)
[    0.327595] pinctrl core: initialized pinctrl subsystem
[    0.328426] RTC time: 16:51:31, date: 12/26/19
[    0.329247] NET: Registered protocol family 16
[    0.338885] cpuidle: using governor ladder
[    0.350196] cpuidle: using governor menu
[    0.350915] PCCT header not found.
[    0.351580] ACPI: bus type PCI registered
[    0.352209] acpiphp: ACPI Hot Plug PCI Controller Driver version: 0.5
[    0.353190] PCI: Using configuration type 1 for base access
[    0.366690] ACPI: Added _OSI(Module Device)
[    0.367424] ACPI: Added _OSI(Processor Device)
[    0.369138] ACPI: Added _OSI(3.0 _SCP Extensions)
[    0.370711] ACPI: Added _OSI(Processor Aggregator Device)
[    0.372249] ACPI: Executed 1 blocks of module-level executable AML code
[    0.374833] ACPI: Interpreter enabled
[    0.375484] ACPI: (supports S0 S5)
[    0.376089] ACPI: Using IOAPIC for interrupt routing
[    0.377000] PCI: Using host bridge windows from ACPI; if necessary, use "pci=nocrs" and report a bug
[    0.381047] ACPI: PCI Root Bridge [PCI0] (domain 0000 [bus 00-ff])
[    0.381995] acpi PNP0A03:00: _OSC: OS supports [ASPM ClockPM Segments MSI]
[    0.383292] acpi PNP0A03:00: _OSC: not requesting OS control; OS requires [ExtendedConfig ASPM ClockPM MSI]
[    0.384793] acpi PNP0A03:00: fail to add MMCONFIG information, can't access extended PCI configuration space under this bridge.
[    0.386579] PCI host bridge to bus 0000:00
[    0.387189] pci_bus 0000:00: root bus resource [io  0x0000-0x0cf7 window]
[    0.388061] pci_bus 0000:00: root bus resource [io  0x0d00-0xffff window]
[    0.388934] pci_bus 0000:00: root bus resource [mem 0x000a0000-0x000bffff window]
[    0.390025] pci_bus 0000:00: root bus resource [mem 0x40000000-0xfdffffff window]
[    0.391136] pci_bus 0000:00: root bus resource [bus 00-ff]
[    0.393110] pci 0000:00:01.1: legacy IDE quirk: reg 0x10: [io  0x01f0-0x01f7]
[    0.394019] pci 0000:00:01.1: legacy IDE quirk: reg 0x14: [io  0x03f6]
[    0.394882] pci 0000:00:01.1: legacy IDE quirk: reg 0x18: [io  0x0170-0x0177]
[    0.395795] pci 0000:00:01.1: legacy IDE quirk: reg 0x1c: [io  0x0376]
[    0.413603] pci 0000:00:07.0: quirk: [io  0x4000-0x403f] claimed by PIIX4 ACPI
[    0.414706] pci 0000:00:07.0: quirk: [io  0x4100-0x410f] claimed by PIIX4 SMB
[    0.420878] ACPI: PCI Interrupt Link [LNKA] (IRQs 5 9 10 *11)
[    0.422107] ACPI: PCI Interrupt Link [LNKB] (IRQs 5 9 *10 11)
[    0.423246] ACPI: PCI Interrupt Link [LNKC] (IRQs 5 *9 10 11)
[    0.424446] ACPI: PCI Interrupt Link [LNKD] (IRQs 5 9 10 *11)
[    0.425684] ACPI: Enabled 2 GPEs in block 00 to 07
[    0.426700] vgaarb: setting as boot device: PCI:0000:00:02.0
[    0.427486] vgaarb: device added: PCI:0000:00:02.0,decodes=io+mem,owns=io+mem,locks=none
[    0.428639] vgaarb: loaded
[    0.429112] vgaarb: bridge control possible 0000:00:02.0
[    0.430032] SCSI subsystem initialized
[    0.430754] ACPI: bus type USB registered
[    0.431377] usbcore: registered new interface driver usbfs
[    0.432124] usbcore: registered new interface driver hub
[    0.432859] usbcore: registered new device driver usb
[    0.434113] PCI: Using ACPI for IRQ routing
[    0.434949] NetLabel: Initializing
[    0.435493] NetLabel:  domain hash size = 128
[    0.436120] NetLabel:  protocols = UNLABELED CIPSOv4
[    0.436818] NetLabel:  unlabeled traffic allowed by default
[    0.437712] amd_nb: Cannot enumerate AMD northbridges
[    0.438491] clocksource: Switched to clocksource kvm-clock
[    0.443896] AppArmor: AppArmor Filesystem Enabled
[    0.444608] pnp: PnP ACPI init
[    0.445659] pnp: PnP ACPI: found 3 devices
[    0.453995] clocksource: acpi_pm: mask: 0xffffff max_cycles: 0xffffff, max_idle_ns: 2085701024 ns
[    0.455287] NET: Registered protocol family 2
[    0.456028] TCP established hash table entries: 8192 (order: 4, 65536 bytes)
[    0.456981] TCP bind hash table entries: 8192 (order: 5, 131072 bytes)
[    0.457840] TCP: Hash tables configured (established 8192 bind 8192)
[    0.458725] UDP hash table entries: 512 (order: 2, 16384 bytes)
[    0.459527] UDP-Lite hash table entries: 512 (order: 2, 16384 bytes)
[    0.460378] NET: Registered protocol family 1
[    0.461019] pci 0000:00:00.0: Limiting direct PCI/PCI transfers
[    0.461818] pci 0000:00:01.0: Activating ISA DMA hang workarounds
[    0.462732] Unpacking initramfs...
[    0.628935] Freeing initrd memory: 14836K
[    0.629721] clocksource: tsc: mask: 0xffffffffffffffff max_cycles: 0x396d4ffc055, max_idle_ns: 881590662783 ns
[    0.631350] platform rtc_cmos: registered platform RTC device (no PNP device found)
[    0.632491] Scanning for low memory corruption every 60 seconds
[    0.633562] audit: initializing netlink subsys (disabled)
[    0.634317] audit: type=2000 audit(1577379096.091:1): initialized
[    0.635387] Initialise system trusted keyring
[    0.636128] HugeTLB registered 2 MB page size, pre-allocated 0 pages
[    0.637912] zbud: loaded
[    0.638685] VFS: Disk quotas dquot_6.6.0
[    0.639351] VFS: Dquot-cache hash table entries: 512 (order 0, 4096 bytes)
[    0.640480] squashfs: version 4.0 (2009/01/31) Phillip Lougher
[    0.641454] fuse init (API version 7.23)
[    0.642136] Key type big_key registered
[    0.642735] Allocating IMA MOK and blacklist keyrings.
[    0.644232] Key type asymmetric registered
[    0.644842] Asymmetric key parser 'x509' registered
[    0.645551] Block layer SCSI generic (bsg) driver version 0.4 loaded (major 249)
[    0.646685] io scheduler noop registered
[    0.647290] io scheduler deadline registered (default)
[    0.648025] io scheduler cfq registered
[    0.648675] pci_hotplug: PCI Hot Plug PCI Core version: 0.5
[    0.649440] pciehp: PCI Express Hot Plug Controller Driver version: 0.4
[    0.650393] ACPI: AC Adapter [AC] (on-line)
[    0.651074] input: Power Button as /devices/LNXSYSTM:00/LNXPWRBN:00/input/input0
[    0.652176] ACPI: Power Button [PWRF]
[    0.652784] input: Sleep Button as /devices/LNXSYSTM:00/LNXSLPBN:00/input/input1
[    0.653874] ACPI: Sleep Button [SLPF]
[    0.655010] ACPI: Battery Slot [BAT0] (battery present)
[    0.655778] GHES: HEST is not enabled!
[    0.656408] Serial: 8250/16550 driver, 32 ports, IRQ sharing enabled
[    0.677602] 00:02: ttyS0 at I/O 0x3f8 (irq = 4, base_baud = 115200) is a 16550A
    0.680351] Linux agpgart interface v0.103
[    0.682028] loop: module loaded
[    0.682962] scsi host0: ata_piix
[    0.683775] scsi host1: ata_piix
[    0.684351] ata1: PATA max UDMA/33 cmd 0x1f0 ctl 0x3f6 bmdma 0xd000 irq 14
[    0.685248] ata2: PATA max UDMA/33 cmd 0x170 ctl 0x376 bmdma 0xd008 irq 15
[    0.686205] libphy: Fixed MDIO Bus: probed
[    0.686856] tun: Universal TUN/TAP device driver, 1.6
[    0.687575] tun: (C) 1999-2004 Max Krasnyansky <maxk@qualcomm.com>
[    0.688421] PPP generic driver version 2.4.2
[    0.689086] ehci_hcd: USB 2.0 'Enhanced' Host Controller (EHCI) Driver
[    0.689944] ehci-pci: EHCI PCI platform driver
[    0.690591] ehci-platform: EHCI generic platform driver
[    0.691358] ohci_hcd: USB 1.1 'Open' Host Controller (OHCI) Driver
[    0.692175] ohci-pci: OHCI PCI platform driver
[    0.692820] ohci-platform: OHCI generic platform driver
[    0.693541] uhci_hcd: USB Universal Host Controller Interface driver
[    0.694410] i8042: PNP: PS/2 Controller [PNP0303:PS2K,PNP0f03:PS2M] at 0x60,0x64 irq 1,12
[    0.696093] serio: i8042 KBD port at 0x60,0x64 irq 1
[    0.696804] serio: i8042 AUX port at 0x60,0x64 irq 12
[    0.697584] mousedev: PS/2 mouse device common for all mice
[    0.698712] input: AT Translated Set 2 keyboard as /devices/platform/i8042/serio0/input/input2
[    0.699978] rtc_cmos rtc_cmos: rtc core: registered rtc_cmos as rtc0
[    0.700937] rtc_cmos rtc_cmos: alarms up to one day, 114 bytes nvram
[    0.701773] i2c /dev entries driver
[    0.702355] device-mapper: uevent: version 1.0.3
[    0.703077] device-mapper: ioctl: 4.34.0-ioctl (2015-10-28) initialised: dm-devel@redhat.com
[    0.704312] ledtrig-cpu: registered to indicate activity on CPUs
[    0.705441] NET: Registered protocol family 10
[    0.706241] NET: Registered protocol family 17
[    0.706919] Key type dns_resolver registered
[    0.707728] registered taskstats version 1
[    0.708349] Loading compiled-in X.509 certificates
[    0.709469] Loaded X.509 cert 'Build time autogenerated kernel key: 75bc1b51278a37d3abb49bab6b1b0161a6cc9ec0'
[    0.710827] zswap: loaded using pool lzo/zbud
[    0.712792] Key type trusted registered
[    0.716232] Key type encrypted registered
[    0.716842] AppArmor: AppArmor sha1 policy hashing enabled
[    0.717591] ima: No TPM chip found, activating TPM-bypass!
[    0.718344] ima: Allocated hash algorithm: sha1
[    0.719026] evm: HMAC attrs: 0x1
[    0.719947]   Magic number: 15:29:895
[    0.720583] rtc_cmos rtc_cmos: setting system clock to 2019-12-26 16:51:32 UTC (1577379092)
[    0.721911] BIOS EDD facility v0.16 2004-Jun-25, 0 devices found
[    0.722714] EDD information not available.
[    0.843621] Freeing unused kernel memory: 1488K
[    0.844389] Write protecting the kernel read-only data: 14336k
[    0.845499] Freeing unused kernel memory: 1604K
[    0.846266] Freeing unused kernel memory: 60K
Loading, please wait...
starting version 229
[    0.857269] random: systemd-udevd: uninitialized urandom read (16 bytes read, 1 bits of entropy available)
[    0.857665] random: udevadm: uninitialized urandom read (16 bytes read, 1 bits of entropy available)
[    0.857679] random: udevadm: uninitialized urandom read (16 bytes read, 1 bits of entropy available)
[    0.861350] random: systemd-udevd: uninitialized urandom read (16 bytes read, 1 bits of entropy available)
[    0.862782] random: systemd-udevd: uninitialized urandom read (16 bytes read, 1 bits of entropy available)
[    0.863572] random: udevadm: uninitialized urandom read (16 bytes read, 1 bits of entropy available)
[    0.863605] random: udevadm: uninitialized urandom read (16 bytes read, 1 bits of entropy available)
[    0.863706] random: udevadm: uninitialized urandom read (16 bytes read, 1 bits of entropy available)
[    0.863742] random: udevadm: uninitialized urandom read (16 bytes read, 1 bits of entropy available)
[    0.863779] random: udevadm: uninitialized urandom read (16 bytes read, 1 bits of entropy available)
[    0.894163] Fusion MPT base driver 3.04.20
[    0.894900] Copyright (c) 1999-2008 LSI Corporation
[    0.901685] Fusion MPT SPI Host driver 3.04.20
[    0.902739] e1000: Intel(R) PRO/1000 Network Driver - version 7.3.21-k8-NAPI
[    0.903801] e1000: Copyright (c) 1999-2006 Intel Corporation.
[    0.909075] AVX2 version of gcm_enc/dec engaged.
[    0.909824] AES CTR mode by8 optimization enabled
[    0.913494] mptbase: ioc0: Initiating bringup
[    0.986730] ioc0: LSI53C1030 A0: Capabilities={Initiator}
[    1.101586] input: ImExPS/2 Generic Explorer Mouse as /devices/platform/i8042/serio1/input/input4
[    1.151413] scsi host2: ioc0: LSI53C1030 A0, FwRev=00000000h, Ports=1, MaxQ=256, IRQ=20
[    1.262927] scsi 2:0:0:0: Direct-Access     VBOX     HARDDISK         1.0  PQ: 0 ANSI: 5
[    1.264184] scsi target2:0:0: Beginning Domain Validation
[    1.265491] scsi target2:0:0: Domain Validation skipping write tests
[    1.266330] scsi target2:0:0: Ending Domain Validation
[    1.267086] scsi target2:0:0: asynchronous
[    1.268030] scsi 2:0:1:0: Direct-Access     VBOX     HARDDISK         1.0  PQ: 0 ANSI: 5
[    1.269203] scsi target2:0:1: Beginning Domain Validation
[    1.270395] scsi target2:0:1: Domain Validation skipping write tests
[    1.271286] scsi target2:0:1: Ending Domain Validation
[    1.272030] scsi target2:0:1: asynchronous
[    1.279328] sd 2:0:0:0: [sda] 20971520 512-byte logical blocks: (10.7 GB/10.0 GiB)
[    1.279457] sd 2:0:0:0: Attached scsi generic sg0 type 0
[    1.289116] sd 2:0:0:0: [sda] Write Protect is off
[    1.289328] sd 2:0:1:0: Attached scsi generic sg1 type 0
[    1.289397] sd 2:0:1:0: [sdb] 20480 512-byte logical blocks: (10.5 MB/10.0 MiB)
[    1.289486] sd 2:0:1:0: [sdb] Write Protect is off
[    1.289540] sd 2:0:1:0: [sdb] Incomplete mode parameter data
[    1.289541] sd 2:0:1:0: [sdb] Assuming drive cache: write through
[    1.294658] sd 2:0:0:0: [sda] Incomplete mode parameter data
[    1.295621] sd 2:0:0:0: [sda] Assuming drive cache: write through
[    1.297153]  sda: sda1
[    1.297956] sd 2:0:0:0: [sda] Attached SCSI disk
[    1.323923] sd 2:0:1:0: [sdb] Attached SCSI disk
[    1.654319] e1000 0000:00:03.0 eth0: (PCI:33MHz:32-bit) 02:95:cf:22:ea:76
[    1.655327] e1000 0000:00:03.0 eth0: Intel(R) PRO/1000 Network Connection
[    2.175386] e1000 0000:00:08.0 eth1: (PCI:33MHz:32-bit) 08:00:27:cc:a5:4a
[    2.176724] e1000 0000:00:08.0 eth1: Intel(R) PRO/1000 Network Connection
[    2.179254] e1000 0000:00:03.0 enp0s3: renamed from eth0
[    2.194986] e1000 0000:00:08.0 enp0s8: renamed from eth1
Begin: Loading essential drivers ... [    3.495707] md: linear personality registered for level -1
[    3.498394] md: multipath personality registered for level -4
[    3.500985] md: raid0 personality registered for level 0
[    3.504436] md: raid1 personality registered for level 1
[    3.575178] raid6: sse2x1   gen() 12652 MB/s
[    3.642775] raid6: sse2x1   xor()  9875 MB/s
[    3.714105] raid6: sse2x2   gen() 17608 MB/s
[    3.787181] raid6: sse2x2   xor() 11205 MB/s
[    3.855177] raid6: sse2x4   gen() 19093 MB/s
[    3.924136] raid6: sse2x4   xor() 12639 MB/s
[    3.991262] raid6: avx2x1   gen() 23667 MB/s
[    4.059356] raid6: avx2x2   gen() 26781 MB/s
[    4.131259] raid6: avx2x4   gen() 35176 MB/s
[    4.132106] raid6: using algorithm avx2x4 gen() 35176 MB/s
[    4.133057] raid6: using avx2x2 recovery algorithm
[    4.134997] xor: automatically using best checksumming function:
[    4.174579]    avx       : 36113.000 MB/sec
[    4.176247] async_tx: api initialized (async)
[    4.184301] md: raid6 personality registered for level 6
[    4.185204] md: raid5 personality registered for level 5
[    4.186095] md: raid4 personality registered for level 4
[    4.191645] md: raid10 personality registered for level 10
done.
Begin: Running /scripts/init-premount ... done.
Begin: Mounting root file system ... Begin: Running /scripts/local-top ... done.
Begin: Running /scripts/local-premount ... [    4.214934] Btrfs loaded
Scanning for Btrfs filesystems
done.
Warning: fsck not present, so skipping root file system
[    4.264288] EXT4-fs (sda1): mounted filesystem with ordered data mode. Opts: (null)
done.
Begin: Running /scripts/local-bottom ... done.
Begin: Running /scripts/init-bottom ... done.
[    4.565848] systemd[1]: systemd 229 running in system mode. (+PAM +AUDIT +SELINUX +IMA +APPARMOR +SMACK +SYSVINIT +UTMP +LIBCRYPTSETUP +GCRYPT +GNUTLS +ACL +XZ -LZ4 +SECCOMP +BLKID +ELFUTILS +KMOD -IDN)
[    4.569861] systemd[1]: Detected virtualization oracle.
[    4.570966] systemd[1]: Detected architecture x86-64.

Welcome to [1mUbuntu 16.04.6 LTS[0m!

[    4.591804] systemd[1]: Set hostname to <ubuntu>.
[    4.604473] systemd[1]: Initializing machine ID from random generator.
[    4.605355] systemd[1]: Installed transient /etc/machine-id file.
[    5.006074] systemd[1]: Reached target Swap.
[[0;32m  OK  [0m] Reached target Swap.
[    5.008990] systemd[1]: Reached target System Time Synchronized.
[[0;32m  OK  [0m] Reached target System Time Synchronized.
[    5.012354] systemd[1]: Listening on /dev/initctl Compatibility Named Pipe.
[[0;32m  OK  [0m] Listening on /dev/initctl Compatibility Named Pipe.
[    5.016176] systemd[1]: Listening on LVM2 poll daemon socket.
[[0;32m  OK  [0m] Listening on LVM2 poll daemon socket.
[    5.019224] systemd[1]: Listening on Journal Socket (/dev/log).
[[0;32m  OK  [0m] Listening on Journal Socket (/dev/log).
[    5.021868] systemd[1]: Listening on udev Kernel Socket.
[[0;32m  OK  [0m] Listening on udev Kernel Socket.
[    5.024209] systemd[1]: Listening on Journal Socket.
[[0;32m  OK  [0m] Listening on Journal Socket.
[    5.026170] systemd[1]: Reached target Encrypted Volumes.
[[0;32m  OK  [0m] Reached target Encrypted Volumes.
[    5.028319] systemd[1]: Started Trigger resolvconf update for networkd DNS.
[[0;32m  OK  [0m] Started Trigger resolvconf update for networkd DNS.
[    5.030458] systemd[1]: Listening on LVM2 metadata daemon socket.
[[0;32m  OK  [0m] Listening on LVM2 metadata daemon socket.
[    5.032444] systemd[1]: Listening on udev Control Socket.
[[0;32m  OK  [0m] Listening on udev Control Socket.
[    5.034142] systemd[1]: Listening on Syslog Socket.
[[0;32m  OK  [0m] Listening on Syslog Socket.
[    5.035894] systemd[1]: Created slice System Slice.
[[0;32m  OK  [0m] Created slice System Slice.
[    5.046603] systemd[1]: Mounting POSIX Message Queue File System...
         Mounting POSIX Message Queue File System...
[    5.057683] systemd[1]: Starting Load Kernel Modules...
         Starting Load Kernel Modules...
[    5.059581] systemd[1]: Starting Set console keymap...
         Starting Set console keymap...
[    5.061265] systemd[1]: Starting Nameserver information manager...
         Starting Nameserver information manager...
[    5.063177] systemd[1]: Mounting Huge Pages File System...
         Mounting Huge Pages File System...
[    5.064525] systemd[1]: Listening on Device-mapper event daemon FIFOs.
[[0;32m  OK  [0m] Listening on Device-mapper event daemon FIFOs.
[    5.066551] systemd[1]: Starting Monitoring of LVM2 mirrors, snapshots etc. using dmeventd or progress polling...
         Starting Monitoring of LVM2 mirrors... dmeventd or progress polling...
[    5.068833] systemd[1]: Started Forward Password Requests to Wall Directory Watch.
[[0;32m  OK  [0m] Started Forward Password Requests to Wall Direct[    5.070611] random: nonblocking pool is initialized
ory Watch.
[    5.071930] systemd[1]: Mounting Debug File System...
         Mounting Debug File System...
[    5.073420] systemd[1]: Created slice User and Session Slice.
[[0;32m  OK  [0m] Created slice User and Session Slice.
[    5.074930] systemd[1]: Reached target Slices.
[[0;32m  OK  [0m] Reached target Slices.
[    5.076615] systemd[1]: Starting Create list of required static device nodes for the current kernel...
         Starting Create list of required st... nodes for the current kernel...
[    5.079297] systemd[1]: Starting Uncomplicated firewall...
         Starting Uncomplicated firewall...
[    5.080627] systemd[1]: Reached target User and Group Name Lookups.
[[0;32m  OK  [0m] Reached target User and Group Name Lookups.
[    5.082254] systemd[1]: Listening on Journal Audit Socket.
[[0;32m  OK  [0m] Listening on Journal Audit Socket.
[    5.084126] systemd[1]: Starting Journal Service...
         Starting Journal Service...
[    5.085455] systemd[1]: Set up automount Arbitrary Executable File Formats File System Automount Point.
[[0;32m  OK  [0m] Set up automount Arbitrary Executab...ats File System Automount Point.
[    5.090389] systemd[1]: Created slice system-serial\x2dgetty.slice.
[[0;32m  OK  [0m] Created slice system-serial\x2dgetty.slice.
[    5.092500] systemd[1]: Starting Remount Root and Kernel File Systems...
         Starting Remount Root and Kernel File Systems...
[    5.095221] systemd[1]: Mounted POSIX Message Queue File System.
[[0;32m  OK  [0m] Mounted POSIX Message Queue File System.
[    5.098214] systemd[1]: Mounted Huge Pages File System.
[[0;32m  OK  [0m] Mounted Huge Pages File System.
[    5.100026] systemd[1]: Mounted Debug File System.
[[0;32m  OK  [0m] Mounted Debug File System.
[    5.108637] systemd[1]: Started Uncomplicated firewall.
[[0;32m  OK  [0m] Started Uncomplicated firewall.
[    5.120484] systemd[1]: Started Create list of required static device nodes for the current kernel.
[    5.120534] EXT4-fs (sda1): re-mounted. Opts: (null)
[[0;32m  OK  [0m] Started Create list of required sta...ce nodes for the current kernel.
[    5.123931] systemd[1]: Started Remount Root and Kernel File Systems.
[[0;32m  OK  [0m] Started Remount Root and Kernel File Systems.
[    5.138815] systemd[1]: Started Nameserver information manager.
[[0;32m  OK  [0m] Started Nameserver information manager.
[    5.149968] Loading iSCSI transport class v2.0-870.
[    5.153364] systemd[1]: Starting udev Coldplug all Devices...
         Starting udev Coldplug all Devices...
[    5.155884] systemd[1]: Starting Load/Save Random Seed...
         Starting Load/Save Random Seed...
[    5.158122] systemd[1]: Starting Create Static Device Nodes in /dev...
         Starting Create Static Device Nodes in /dev...
[    5.168727] systemd[1]: Started Set console keymap.
[[0;32m  OK  [0m] Started Set console keymap.
[    5.180105] iscsi: registered transport (tcp)
[    5.198697] systemd[1]: Started LVM2 metadata daemon.
[[0;32m  OK  [0m] Started LVM2 metadata daemon.
[    5.201465] systemd[1]: Started Load/Save Random Seed.
[[0;32m  OK  [0m] Started Load/Save Random Seed.
[    5.210967] systemd[1]: Started Journal Service.
[[0;32m  OK  [0m] Started Journal Service.
         Starting Flush Journal to Persistent Storage...
[[0;32m  OK  [0m] Started udev Coldplug all Devices.
[    5.277759] systemd-journald[387]: Received request to flush runtime journal from PID 1
[[0;32m  OK  [0m] Started Flush Journal to Persistent Storage.
[    5.317746] iscsi: registered transport (iser)
[[0;32m  OK  [0m] Started Load Kernel Modules.
         Starting Apply Kernel Variables...
         Mounting FUSE Control File System...
[[0;32m  OK  [0m] Started Create Static Device Nodes in /dev.
[[0;32m  OK  [0m] Mounted FUSE Control File System.
[[0;32m  OK  [0m] Started Apply Kernel Variables.
         Starting udev Kernel Device Manager...
[[0;32m  OK  [0m] Started udev Kernel Device Manager.
[[0;32m  OK  [0m] Started Dispatch Password Requests to Console Directory Watch.
[[0;32m  OK  [0m] Started Monitoring of LVM2 mirrors,...ng dmeventd or progress polling.
[[0;32m  OK  [0m] Reached target Local File Systems (Pre).
[[0;32m  OK  [0m] Reached target Local File Systems.
         Starting Create Volatile Files and Directories...
         Starting Tell Plymouth To Write Out Runtime Data...
         Starting LSB: AppArmor initialization...
         Starting Initial cloud-init job (pre-networking)...
         Starting Commit a transient machine-id on disk...
         Starting Set console font and keymap...
[[0;32m  OK  [0m] Started Create Volatile Files and Directories.
[[0;32m  OK  [0m] Found device /dev/ttyS0.
         Starting Update UTMP about System Boot/Shutdown...
[[0;32m  OK  [0m] Started Tell Plymouth To Write Out Runtime Data.
[[0;32m  OK  [0m] Started Commit a transient machine-id on disk.
[[0;32m  OK  [0m] Listening on Load/Save RF Kill Switch Status /dev/rfkill Watch.
[[0;32m  OK  [0m] Started Update UTMP about System Boot/Shutdown.
[[0;32m  OK  [0m] Started Set console font and keymap.
[[0;32m  OK  [0m] Created slice system-getty.slice.
[[0;32m  OK  [0m] Started LSB: AppArmor initialization.
[    8.330173] cloud-init[486]: Cloud-init v. 19.2-36-g059d049c-0ubuntu2~16.04.1 running 'init-local' at Thu, 26 Dec 2019 16:51:39 +0000. Up 7.92 seconds.
[[0;32m  OK  [0m] Started Initial cloud-init job (pre-networking).
[[0;32m  OK  [0m] Reached target Network (Pre).
         Starting Raise network interfaces...
[[0;32m  OK  [0m] Started Raise network interfaces.
[[0;32m  OK  [0m] Reached target Network.
         Starting Initial cloud-init job (metadata service crawler)...
[    9.962570] cloud-init[956]: Cloud-init v. 19.2-36-g059d049c-0ubuntu2~16.04.1 running 'init' at Thu, 26 Dec 2019 16:51:40 +0000. Up 8.87 seconds.
[    9.964524] cloud-init[956]: ci-info: ++++++++++++++++++++++++++++++++++++++Net device info+++++++++++++++++++++++++++++++++++++++
[    9.966159] cloud-init[956]: ci-info: +--------+-------+----------------------------+---------------+--------+-------------------+
[    9.967757] cloud-init[956]: ci-info: | Device |   Up  |          Address           |      Mask     | Scope  |     Hw-Address    |
[    9.969453] cloud-init[956]: ci-info: +--------+-------+----------------------------+---------------+--------+-------------------+
[    9.971054] cloud-init[956]: ci-info: | enp0s3 |  True |         10.0.2.15          | 255.255.255.0 | global | 02:95:cf:22:ea:76 |
[    9.972684] cloud-init[956]: ci-info: | enp0s3 |  True | fe80::95:cfff:fe22:ea76/64 |       .       |  link  | 02:95:cf:22:ea:76 |
[    9.974293] cloud-init[956]: ci-info: | enp0s8 | False |             .              |       .       |   .    | 08:00:27:cc:a5:4a |
[    9.975881] cloud-init[956]: ci-info: |   lo   |  True |         127.0.0.1          |   255.0.0.0   |  host  |         .         |
[    9.977505] cloud-init[956]: ci-info: |   lo   |  True |          ::1/128           |       .       |  host  |         .         |
[    9.979098] cloud-init[956]: ci-info: +--------+-------+----------------------------+---------------+--------+-------------------+
[    9.980735] cloud-init[956]: ci-info: +++++++++++++++++++++++++++Route IPv4 info++++++++++++++++++++++++++++
[    9.982143] cloud-init[956]: ci-info: +-------+-------------+----------+---------------+-----------+-------+
[    9.983608] cloud-init[956]: ci-info: | Route | Destination | Gateway  |    Genmask    | Interface | Flags |
[    9.985140] cloud-init[956]: ci-info: +-------+-------------+----------+---------------+-----------+-------+
[    9.986611] cloud-init[956]: ci-info: |   0   |   0.0.0.0   | 10.0.2.2 |    0.0.0.0    |   enp0s3  |   UG  |
[    9.988084] cloud-init[956]: ci-info: |   1   |   10.0.2.0  | 0.0.0.0  | 255.255.255.0 |   enp0s3  |   U   |
[    9.989517] cloud-init[956]: ci-info: +-------+-------------+----------+---------------+-----------+-------+[[0;32m  OK  [0m] Started Initial cloud-init job (metadata service crawler).
[[0;32m  OK  [0m] Reached target Network is Online.

[    9.993117] cloud-init[956]: ci-info: +++++++++++++++++++Route IPv6 info+++++++++++++++++++
[    9.994271] cloud-init[956]: ci-info: +-------+-------------+---------+-----------+-------+
[    9.995436] cloud-init[956]: ci-info: | Route | Destination | Gateway | Interface | Flags |
[    9.996559] cloud-init[956]: ci-info: +-------+-------------+---------+-----------+-------+
[    9.997316] cloud-init[956]: ci-info: |   0   |  fe80::/64  |    ::   |   enp0s3  |   U   |
[    9.998134] cloud-init[956]: ci-info: |   3   |   ff00::/8  |    ::   |   enp0s3  |   U   |
[    9.998946] cloud-init[956]: ci-info: +-------+-------------+---------+-----------+-------+
[    9.999758] cloud-init[956]: Generating public/private rsa key pair.
[   10.000440] cloud-init[956]: Your identification has been saved in /etc/ssh/ssh_host_rsa_key.
[   10.001291] cloud-init[956]: Your public key has been saved in /etc/ssh/ssh_host_rsa_key.pub.
[   10.002112] cloud-init[956]: The key fingerprint is:
[   10.002672] cloud-init[956]: SHA256:dODLjn5Gld1RrsM5Kpz1D1GT1/SQ1u6/nWDWzc7NDkw root@ubuntu-xenial
[   10.003523] cloud-init[956]: The key's randomart image is:
[   10.004152] cloud-init[956]: +---[RSA 2048]----+
[   10.004717] cloud-init[956]: |        .     .+o|
[   10.005258] cloud-init[956]: |       . .    ++=|
[   10.005790] cloud-init[956]: |        o .o o =*|
[   10.006326] cloud-init[956]: |       o oo ...++|
[   10.006865] cloud-init[956]: |        S.  . E. |
[   10.007404] cloud-init[956]: |       o.. o =.=o|
[   10.007940] cloud-init[956]: |      ... + .+=.+|
[   10.008495] cloud-init[956]: |     .  o  .o .B=|
[   10.009048] cloud-init[956]: |      .o       +X|
[   10.009588] cloud-init[956]: +----[SHA256]-----+
[   10.010126] cloud-init[956]: Generating public/private dsa key pair.
[   10.010786] cloud-init[956]: Your identification has been saved in /etc/ssh/ssh_host_dsa_key.
[   10.011613] cloud-init[956]: Your public key has been saved in /etc/ssh/ssh_host_dsa_key.pub.
[   10.012433] cloud-init[956]: The key fingerprint is:
[   10.012587] cloud-init[956]: SHA256:aGjPpSusO5ljGiUw5KL7R/gt9bTIPtpJYXiuh+5BcNk root@ubuntu-xenial
[   10.012975] cloud-init[956]: The key's randomart image is:
[   10.013341] cloud-init[956]: +---[DSA 1024]----+
[   10.013716] cloud-init[956]: | .               |
[   10.014083] cloud-init[956]: |o    o           |
[   10.014456] cloud-init[956]: |+.. o E          |
[   10.014822] cloud-init[956]: |+. o o .         |
[   10.015195] cloud-init[956]: |o ..= * S        |
[   10.015577] cloud-init[956]: | +.o.B.+.        |
[   10.015791] cloud-init[956]: |o  *.=*+ .       |
[   10.016272] cloud-init[956]: | o* B=*oo        |
[   10.016425] cloud-init[956]: |.o+O=*=.         |
[   10.016804] cloud-init[956]: +----[SHA256]-----+
[   10.017170] cloud-init[956]: Generating public/private ecdsa key pair.
[   10.017450] cloud-init[956]: Your identification has been saved in /etc/ssh/ssh_host_ecdsa_key.
[   10.017818] cloud-init[956]: Your public key has been saved in /etc/ssh/ssh_host_ecdsa_key.pub.
[   10.018188] cloud-init[956]: The key fingerprint is:
[   10.018563] cloud-init[956]: SHA256:y2evEmUDUdwD45qMqi6TngBle1FxldCfVHpI353K0dk root@ubuntu-xenial
[   10.018937] cloud-init[956]: The key's randomart image is:
[   10.019308] cloud-init[956]: +---[ECDSA 256]---+
[   10.019681] cloud-init[956]: |      o.+B=+...  |
[   10.020156] cloud-init[956]: |     . ...+o++..=|
[   10.020533] cloud-init[956]: |  o .    ..oo+o+E|
[   10.020701] cloud-init[956]: | o . . o o+ +.o  |
[   10.021080] cloud-init[956]: |. . . . So . o   |
[   10.021451] cloud-init[956]: |.  . . ...       |
[   10.021823] cloud-init[956]: |..  .   o.o      |
[   10.022192] cloud-init[956]: |= ..    .o .     |
[   10.022560] cloud-init[956]: |.*o      ....    |
[   10.022931] cloud-init[956]: +----[SHA256]-----+
[   10.023301] cloud-init[956]: Generating public/private ed25519 key pair.
[   10.023674] cloud-init[956]: Your identification has been saved in /etc/ssh/ssh_host_ed25519_key.
[   10.024071] cloud-init[956]: Your public key has been saved in /etc/ssh/ssh_host_ed25519_key.pub.
[   10.024422] cloud-init[956]: The key fingerprint is:
[   10.024795] cloud-init[956]: SHA256:11RO8F7rfdlEI588UkOMACdeFQfk6bBS2qbT6Htynos root@ubuntu-xenial
[   10.025164] cloud-init[956]: The key's randomart image is:
[   10.025541] cloud-init[956]: +--[ED25519 256]--+
[   10.025915] cloud-init[956]: |         o.+=*Bo |
[   10.026284] cloud-init[956]: |        . + .*+. |
[   10.026750] cloud-init[956]: |         . o.+o+o|
[   10.027122] cloud-init[956]: |          +o+.=o=|
[   10.027487] cloud-init[956]: |        So.+.o.*.|
[   10.027857] cloud-init[956]: |         .*   o.=|
[   10.028332] cloud-init[956]: |         + .   o+|
[   10.028697] cloud-init[956]: |        ..oo.   .|
[   10.029082] cloud-init[956]: |         E*+.    |
[   10.029453] cloud-init[956]: +----[SHA256]-----+
         Starting iSCSI initiator daemon (iscsid)...
[[0;32m  OK  [0m] Reached target Cloud-config availability.
[[0;32m  OK  [0m] Reached target System Initialization.
[[0;32m  OK  [0m] Listening on UUID daemon activation socket.
[[0;32m  OK  [0m] Started Message of the Day.
[[0;32m  OK  [0m] Listening on D-Bus System Message Bus Socket.
[[0;32m  OK  [0m] Started Daily Cleanup of Temporary Directories.
         Starting LXD - unix socket.
[[0;32m  OK  [0m] Listening on ACPID Listen Socket.
         Starting Socket activation for snappy daemon.
[[0;32m  OK  [0m] Started Daily apt download activities.
[[0;32m  OK  [0m] Started Daily apt upgrade and clean activities.
[[0;32m  OK  [0m] Reached target Timers.
[[0;32m  OK  [0m] Started ACPI Events Check.
[[0;32m  OK  [0m] Reached target Paths.
[[0;32m  OK  [0m] Listening on LXD - unix socket.
[[0;32m  OK  [0m] Listening on Socket activation for snappy daemon.
[[0;32m  OK  [0m] Reached target Sockets.
[[0;32m  OK  [0m] Reached target Basic System.
[[0;32m  OK  [0m] Started ACPI event daemon.
[[0;32m  OK  [0m] Started FUSE filesystem for LXC.
[[0;32m  OK  [0m] Started Deferred execution scheduler.
         Starting LSB: MD monitoring daemon...
         Starting LSB: Record successful boot for GRUB...
         Starting LXD - container startup/shutdown...
         Starting Virtualbox guest utils...
         Starting Snappy daemon...
         Starting /etc/rc.local Compatibility...
         Starting System Logging Service...
[[0;32m  OK  [0m] Started D-Bus System Message Bus.
[[0;32m  OK  [0m] Started Regular background program processing daemon.
         Starting Pollinate to seed the pseudo random number generator...
         Starting Accounts Service...
         Starting Login Service...
[[0;32m  OK  [0m] Started System Logging Service.
[[0;32m  OK  [0m] Started /etc/rc.local Compatibility.
[[0;32m  OK  [0m] Started iSCSI initiator daemon (iscsid).
         Starting Login to default iSCSI targets...
[[0;32m  OK  [0m] Started Login Service.
[[0;32m  OK  [0m] Started Unattended Upgrades Shutdown.
[[0;32m  OK  [0m] Started LSB: MD monitoring daemon.
[[0;32m  OK  [0m] Started Login to default iSCSI targets.
[[0;32m  OK  [0m] Reached target Remote File Systems (Pre).
[[0;32m  OK  [0m] Reached target Remote File Systems.
         Starting LSB: automatic crash report generation...
         Starting LSB: Set the CPU Frequency Scaling governor to "ondemand"...
         Starting LSB: daemon to balance interrupts for SMP systems...
         Starting Permit User Sessions...
[[0;32m  OK  [0m] Started LSB: Set the CPU Frequency Scaling governor to "ondemand".
[[0;32m  OK  [0m] Started LSB: Record successful boot for GRUB.
[[0;32m  OK  [0m] Started Permit User Sessions.
         Starting Hold until boot process finishes up...
         Starting Terminate Plymouth Boot Screen...
[[0;32m  OK  [0m] Started Hold until boot process finishes up.
[[0;32m  OK  [0m] Started Serial Getty on ttyS0.
         Starting Set console scheme...
[[0;32m  OK  [0m] Started Getty on tty1.
[[0;32m  OK  [0m] Reached target Login Prompts.
[[0;32m  OK  [0m] Started Terminate Plymouth Boot Screen.
[[0;32m  OK  [0m] Started Set console scheme.
[[0;32m  OK  [0m] Started LSB: automatic crash report generation.
[[0;32m  OK  [0m] Started LSB: daemon to balance interrupts for SMP systems.
[[0;32m  OK  [0m] Started Virtualbox guest utils.
         Starting Authenticate and Authorize Users to Run Privileged Tasks...
[[0;32m  OK  [0m] Started Authenticate and Authorize Users to Run Privileged Tasks.
[[0;32m  OK  [0m] Started Accounts Service.
[[0;32m  OK  [0m] Started LXD - container startup/shutdown.
[[0;32m  OK  [0m] Started Snappy daemon.
         Starting Wait until snapd is fully seeded...
[[0;32m  OK  [0m] Started Pollinate to seed the pseudo random number generator.
         Starting OpenBSD Secure Shell server...
[[0;32m  OK  [0m] Started OpenBSD Secure Shell server.
[[0;32m  OK  [0m] Created slice User Slice of vagrant.
         Starting User Manager for UID 1000...
[[0;32m  OK  [0m] Started Session 1 of user vagrant.
[[0;32m  OK  [0m] Started User Manager for UID 1000.
[   16.936452] cloud-init[1473]: Generating locales (this might take a while)...

Ubuntu 16.04.6 LTS ubuntu-xenial ttyS0

ubuntu-xenial login: [   18.030642] cloud-init[1473]:   en_US.UTF-8... done
[   18.033030] cloud-init[1473]: Generation complete.
[   18.848515] cloud-init[1473]: Cloud-init v. 19.2-36-g059d049c-0ubuntu2~16.04.1 running 'modules:config' at Thu, 26 Dec 2019 16:51:48 +0000. Up 16.76 seconds.
ci-info: no authorized ssh keys fingerprints found for user ubuntu.
<14>Dec 26 16:51:51 ec2: 
<14>Dec 26 16:51:51 ec2: #############################################################
<14>Dec 26 16:51:51 ec2: -----BEGIN SSH HOST KEY FINGERPRINTS-----
<14>Dec 26 16:51:51 ec2: 1024 SHA256:aGjPpSusO5ljGiUw5KL7R/gt9bTIPtpJYXiuh+5BcNk root@ubuntu-xenial (DSA)
<14>Dec 26 16:51:51 ec2: 256 SHA256:y2evEmUDUdwD45qMqi6TngBle1FxldCfVHpI353K0dk root@ubuntu-xenial (ECDSA)
<14>Dec 26 16:51:51 ec2: 256 SHA256:11RO8F7rfdlEI588UkOMACdeFQfk6bBS2qbT6Htynos root@ubuntu-xenial (ED25519)
<14>Dec 26 16:51:51 ec2: 2048 SHA256:dODLjn5Gld1RrsM5Kpz1D1GT1/SQ1u6/nWDWzc7NDkw root@ubuntu-xenial (RSA)
<14>Dec 26 16:51:51 ec2: -----END SSH HOST KEY FINGERPRINTS-----
<14>Dec 26 16:51:51 ec2: #############################################################
-----BEGIN SSH HOST KEY KEYS-----
ecdsa-sha2-nistp256 AAAAE2VjZHNhLXNoYTItbmlzdHAyNTYAAAAIbmlzdHAyNTYAAABBBNDfwCpMUXI0MoHybmMJbXJK86vQkW2+j/dPpA3+8K0hrsogZZui90dY5n+fulEnFf1NsfPtGCddbDiys/55wSM= root@ubuntu-xenial
ssh-ed25519 AAAAC3NzaC1lZDI1NTE5AAAAIBQJ7EOoMzwAC9C1CYATlFQNAFz8c0IV1lwG0BI5l+q0 root@ubuntu-xenial
ssh-rsa AAAAB3NzaC1yc2EAAAADAQABAAABAQCcxHG3S1lAhPK0E5YiAn+cTE+AnfSHKdDqrrGXIt5RKmeDNv7I8+Q/BVOvwI6yC0zwWjoiZUoL8pzhEQnQB9vqhi8TozCWdc98q8VQTTSbG3uF1ObLW1xqNiXbvQqMd8WWpSnVysSuhEDgSt/4lZTS+KeQn1jiTfJqXrEG4qiL5fAdw+uN1kgF4acoBiDYrDYJMCX1LelBanqG1D3oZ2PFBQA/8eagh2Q5YwrPVVrza0PEaxZDKhfVXaVY5x44uaccWmIZujbn1WrzG9GeEcNFbognyJ/T1RI4MGTVMB2zv8x+Bq8GTg5zO4ceXw7KesX0LdXkwsFA8gJ4sdJhoWix root@ubuntu-xenial
-----END SSH HOST KEY KEYS-----
[   19.193010] cloud-init[1640]: Cloud-init v. 19.2-36-g059d049c-0ubuntu2~16.04.1 running 'modules:final' at Thu, 26 Dec 2019 16:51:51 +0000. Up 19.08 seconds.
[   19.193217] cloud-init[1640]: ci-info: no authorized ssh keys fingerprints found for user ubuntu.
[   19.193735] cloud-init[1640]: Cloud-init v. 19.2-36-g059d049c-0ubuntu2~16.04.1 finished at Thu, 26 Dec 2019 16:51:51 +0000. Datasource DataSourceNoCloud [seed=/dev/sdb][dsmode=net].  Up 19.18 seconds
